<?xml version="1.0" encoding="UTF-8"?>
<robot generator="Robot 6.1.1 (Python 3.8.10 on linux)" generated="20240410 11:14:22.447" rpa="false" schemaversion="4">
<suite id="s1" name="Test Suites" source="/home/rtrk/Desktop/robotPractise/Test_Suites">
<suite id="s1-s1" name="1 Report Data Save" source="/home/rtrk/Desktop/robotPractise/Test_Suites/1_report_data_save.robot">
<test id="s1-s1-t1" name="Save Previous Report Data" line="19">
<kw name="Report File Create" library="report_data">
<var>${result}</var>
<arg>${reportPath}</arg>
<arg>${previousReportDataPath}</arg>
<kw name="Evaluate" library="BuiltIn">
<var>${result}</var>
<arg>ReportData.savePreviousReportFile(${reportPath},${reportDataPath})</arg>
<doc>Evaluates the given expression in Python and returns the result.</doc>
<msg timestamp="20240410 11:14:22.468" level="INFO">${result} = Previously created report.html and log.html files saved in directory Mar_28_2024_10:57:47</msg>
<status status="PASS" starttime="20240410 11:14:22.467" endtime="20240410 11:14:22.468"/>
</kw>
<msg timestamp="20240410 11:14:22.468" level="INFO">${result} = Previously created report.html and log.html files saved in directory Mar_28_2024_10:57:47</msg>
<status status="PASS" starttime="20240410 11:14:22.467" endtime="20240410 11:14:22.468"/>
</kw>
<kw name="Set Test Message" library="BuiltIn">
<arg>${result}</arg>
<doc>Sets message for the current test case.</doc>
<msg timestamp="20240410 11:14:22.468" level="INFO">Set test message to:
Previously created report.html and log.html files saved in directory Mar_28_2024_10:57:47</msg>
<status status="PASS" starttime="20240410 11:14:22.468" endtime="20240410 11:14:22.468"/>
</kw>
<doc>Save report.html and log.html file created in directory Current_Report_Data
when previous test was run, in specific directory created in directory Previous_Report_Data</doc>
<status status="PASS" starttime="20240410 11:14:22.466" endtime="20240410 11:14:22.468">Previously created report.html and log.html files saved in directory Mar_28_2024_10:57:47</status>
</test>
<doc>Project : Robot Framework.

##Test PC:

Hostname: rtrkbl76-lin.domain.local

Kernel: 5.15.0-94-generic

Distributor: Ubuntu

Description: Ubuntu 20.04.6 LTS

Release: 20.04

##Tested firmware:

Firmware version: 0.14.2.

==========================================================================================

Purpose of the test is to check if previous report data is saved.

==========================================================================================</doc>
<status status="PASS" starttime="20240410 11:14:22.461" endtime="20240410 11:14:22.469"/>
</suite>
<suite id="s1-s2" name="2 Icmp Request Check" source="/home/rtrk/Desktop/robotPractise/Test_Suites/2_icmp_request_check.robot">
<test id="s1-s2-t1" name="Remove Old Pcap File" line="20">
<kw name="Remove Pcap File" library="icmp_reply_check">
<var>${result}</var>
<arg>${icmpPcapFilePath}</arg>
<kw name="Evaluate" library="BuiltIn">
<var>${result}</var>
<arg>IcmpReplyCheck.deletePcapFile(${filePath})</arg>
<doc>Evaluates the given expression in Python and returns the result.</doc>
<msg timestamp="20240410 11:14:22.569" level="INFO">${result} = Pcap file icmpPcap.pcap doesn't exists or is already deleted</msg>
<status status="PASS" starttime="20240410 11:14:22.569" endtime="20240410 11:14:22.569"/>
</kw>
<msg timestamp="20240410 11:14:22.570" level="INFO">${result} = Pcap file icmpPcap.pcap doesn't exists or is already deleted</msg>
<status status="PASS" starttime="20240410 11:14:22.569" endtime="20240410 11:14:22.570"/>
</kw>
<kw name="Set Test Message" library="BuiltIn">
<arg>${result}</arg>
<doc>Sets message for the current test case.</doc>
<msg timestamp="20240410 11:14:22.570" level="INFO">Set test message to:
Pcap file icmpPcap.pcap doesn't exists or is already deleted</msg>
<status status="PASS" starttime="20240410 11:14:22.570" endtime="20240410 11:14:22.570"/>
</kw>
<doc>Delete previously created pcap file, if file exists</doc>
<status status="PASS" starttime="20240410 11:14:22.568" endtime="20240410 11:14:22.570">Pcap file icmpPcap.pcap doesn't exists or is already deleted</status>
</test>
<test id="s1-s2-t2" name="Pre-Initialization" line="25">
<kw name="Performing Pre-Initialization" library="icmp_reply_check">
<var>${result}</var>
<kw name="Evaluate" library="BuiltIn">
<var>${result}</var>
<arg>IcmpReplyCheck.performingPreInitializationStepsOFTheTestEnvironment()</arg>
<doc>Evaluates the given expression in Python and returns the result.</doc>
<msg timestamp="20240410 11:14:23.586" level="INFO">${result} = - EPOS interface enx7cc2c64758ab has IP address 10.0.1.37
Clearing following ip addresses:
Clearing EPOS IP address.
Setting following ip addresses:
Setting EPOS IP address.
Setting following ARP entr...</msg>
<status status="PASS" starttime="20240410 11:14:22.571" endtime="20240410 11:14:23.586"/>
</kw>
<msg timestamp="20240410 11:14:23.587" level="INFO">${result} = - EPOS interface enx7cc2c64758ab has IP address 10.0.1.37
Clearing following ip addresses:
Clearing EPOS IP address.
Setting following ip addresses:
Setting EPOS IP address.
Setting following ARP entr...</msg>
<status status="PASS" starttime="20240410 11:14:22.570" endtime="20240410 11:14:23.587"/>
</kw>
<kw name="Set Test Message" library="BuiltIn">
<arg>${result}</arg>
<doc>Sets message for the current test case.</doc>
<msg timestamp="20240410 11:14:23.588" level="INFO">Set test message to:
- EPOS interface enx7cc2c64758ab has IP address 10.0.1.37
Clearing following ip addresses:
Clearing EPOS IP address.
Setting following ip addresses:
Setting EPOS IP address.
Setting following ARP entries:
Setting arp entry for EPOS
</msg>
<status status="PASS" starttime="20240410 11:14:23.587" endtime="20240410 11:14:23.588"/>
</kw>
<doc>Perform pre-initialization steps of the test environment</doc>
<status status="PASS" starttime="20240410 11:14:22.570" endtime="20240410 11:14:23.588">- EPOS interface enx7cc2c64758ab has IP address 10.0.1.37
Clearing following ip addresses:
Clearing EPOS IP address.
Setting following ip addresses:
Setting EPOS IP address.
Setting following ARP entries:
Setting arp entry for EPOS
</status>
</test>
<test id="s1-s2-t3" name="Get Firmware Into Operational Mode" line="30">
<kw name="Get Firmware Into Operational Mode" library="icmp_reply_check">
<var>${result}</var>
<kw name="Evaluate" library="BuiltIn">
<var>${result}</var>
<arg>IcmpReplyCheck.getFirwmwareIntoOperationalMode()</arg>
<doc>Evaluates the given expression in Python and returns the result.</doc>
<msg timestamp="20240410 11:14:35.152" level="INFO">device id: 
device id: TT5YRQXL
Iface 
Iface &lt;FIP.Interface.ft232 object at 0x7fe8f110f820&gt;
&lt;FIP.Interface.ft232 object at 0x7fe8f110f820&gt;</msg>
<msg timestamp="20240410 11:14:35.153" level="INFO">${result} = Firmware is in OPERATIONAL mode</msg>
<status status="PASS" starttime="20240410 11:14:23.589" endtime="20240410 11:14:35.153"/>
</kw>
<msg timestamp="20240410 11:14:35.154" level="INFO">${result} = Firmware is in OPERATIONAL mode</msg>
<status status="PASS" starttime="20240410 11:14:23.589" endtime="20240410 11:14:35.154"/>
</kw>
<kw name="Set Test Message" library="BuiltIn">
<arg>${result}</arg>
<doc>Sets message for the current test case.</doc>
<msg timestamp="20240410 11:14:35.156" level="INFO">Set test message to:
Firmware is in OPERATIONAL mode</msg>
<status status="PASS" starttime="20240410 11:14:35.155" endtime="20240410 11:14:35.156"/>
</kw>
<doc>Get Firmware into Operational mode</doc>
<status status="PASS" starttime="20240410 11:14:23.588" endtime="20240410 11:14:35.157">Firmware is in OPERATIONAL mode</status>
</test>
<test id="s1-s2-t4" name="Create ICMP Requests" line="35">
<kw name="Create ICMP Requests" library="icmp_reply_check">
<var>${result}</var>
<arg>${hardwareIPAddress}</arg>
<arg>${icmpPcapFilePath}</arg>
<kw name="Evaluate" library="BuiltIn">
<var>${result}</var>
<arg>IcmpReplyCheck.createPcapFileBasedOnICMPRequest(${harwareIpAddress}, ${filePath})</arg>
<doc>Evaluates the given expression in Python and returns the result.</doc>
<msg timestamp="20240410 11:14:41.423" level="INFO">${result} = Created 5 ICMP ping requests
Pcap file icmpPcap.pcap created</msg>
<status status="PASS" starttime="20240410 11:14:35.161" endtime="20240410 11:14:41.424"/>
</kw>
<msg timestamp="20240410 11:14:41.424" level="INFO">${result} = Created 5 ICMP ping requests
Pcap file icmpPcap.pcap created</msg>
<status status="PASS" starttime="20240410 11:14:35.159" endtime="20240410 11:14:41.424"/>
</kw>
<kw name="Set Test Message" library="BuiltIn">
<arg>${result}</arg>
<doc>Sets message for the current test case.</doc>
<msg timestamp="20240410 11:14:41.426" level="INFO">Set test message to:
Created 5 ICMP ping requests
Pcap file icmpPcap.pcap created</msg>
<status status="PASS" starttime="20240410 11:14:41.425" endtime="20240410 11:14:41.426"/>
</kw>
<doc>Create specific number of ICMP ping requests</doc>
<status status="PASS" starttime="20240410 11:14:35.158" endtime="20240410 11:14:41.426">Created 5 ICMP ping requests
Pcap file icmpPcap.pcap created</status>
</test>
<test id="s1-s2-t5" name="Create Json file" line="40">
<kw name="Json" library="icmp_reply_check">
<var>${result}</var>
<arg>${icmpProtocol}</arg>
<arg>${icmpPcapFilePath}</arg>
<arg>${icmpJsonFilePath}</arg>
<arg>${jsonScript}</arg>
<kw name="Evaluate" library="BuiltIn">
<var>${result}</var>
<arg>IcmpReplyCheck.createJsonFileFromPcapFile(${protocol}, ${pcapFilePath}, ${jsonFilePath}, ${jsonScript})</arg>
<doc>Evaluates the given expression in Python and returns the result.</doc>
<msg timestamp="20240410 11:14:43.465" level="INFO">${result} = Json file icmpJson.json created</msg>
<status status="PASS" starttime="20240410 11:14:41.429" endtime="20240410 11:14:43.465"/>
</kw>
<msg timestamp="20240410 11:14:43.465" level="INFO">${result} = Json file icmpJson.json created</msg>
<status status="PASS" starttime="20240410 11:14:41.428" endtime="20240410 11:14:43.465"/>
</kw>
<kw name="Set Test Message" library="BuiltIn">
<arg>${result}</arg>
<doc>Sets message for the current test case.</doc>
<msg timestamp="20240410 11:14:43.466" level="INFO">Set test message to:
Json file icmpJson.json created</msg>
<status status="PASS" starttime="20240410 11:14:43.466" endtime="20240410 11:14:43.466"/>
</kw>
<doc>Create json file based on pcap file</doc>
<status status="PASS" starttime="20240410 11:14:41.427" endtime="20240410 11:14:43.466">Json file icmpJson.json created</status>
</test>
<test id="s1-s2-t6" name="Parse Json File" line="46">
<kw name="Parse Json File" library="icmp_reply_check">
<var>${result}</var>
<arg>${icmpJsonFilePath}</arg>
<kw name="Evaluate" library="BuiltIn">
<var>${result}</var>
<arg>IcmpReplyCheck.parseJsonFileIcmp(${jsonFilePath})</arg>
<doc>Evaluates the given expression in Python and returns the result.</doc>
<msg timestamp="20240410 11:14:43.468" level="INFO">${result} = Response time for ICMP ping request number 1 - 0.176446 s
Response time for ICMP ping request number 2 - 0.181146 s
Response time for ICMP ping request number 3 - 0.180792 s
Response time for ICMP pin...</msg>
<status status="PASS" starttime="20240410 11:14:43.467" endtime="20240410 11:14:43.468"/>
</kw>
<msg timestamp="20240410 11:14:43.468" level="INFO">${result} = Response time for ICMP ping request number 1 - 0.176446 s
Response time for ICMP ping request number 2 - 0.181146 s
Response time for ICMP ping request number 3 - 0.180792 s
Response time for ICMP pin...</msg>
<status status="PASS" starttime="20240410 11:14:43.467" endtime="20240410 11:14:43.468"/>
</kw>
<kw name="Set Test Message" library="BuiltIn">
<arg>${result}</arg>
<doc>Sets message for the current test case.</doc>
<msg timestamp="20240410 11:14:43.468" level="INFO">Set test message to:
Response time for ICMP ping request number 1 - 0.176446 s
Response time for ICMP ping request number 2 - 0.181146 s
Response time for ICMP ping request number 3 - 0.180792 s
Response time for ICMP ping request number 4 - 0.180482 s
Response time for ICMP ping request number 5 - 0.185153 s

All ICMP replies are shorter than 2 s</msg>
<status status="PASS" starttime="20240410 11:14:43.468" endtime="20240410 11:14:43.468"/>
</kw>
<doc>Parse previously created pcap file to find reply time of every
ICMP response</doc>
<status status="PASS" starttime="20240410 11:14:43.466" endtime="20240410 11:14:43.468">Response time for ICMP ping request number 1 - 0.176446 s
Response time for ICMP ping request number 2 - 0.181146 s
Response time for ICMP ping request number 3 - 0.180792 s
Response time for ICMP ping request number 4 - 0.180482 s
Response time for ICMP ping request number 5 - 0.185153 s

All ICMP replies are shorter than 2 s</status>
</test>
<doc>Project : Robot Framework.

##Test PC:

Hostname: rtrkbl76-lin.domain.local

Kernel: 5.15.0-94-generic

Distributor: Ubuntu

Description: Ubuntu 20.04.6 LTS

Release: 20.04

##Tested firmware:

Firmware version: 0.14.2.

==========================================================================================

Purpose of the test is to check if hardware sends response to an ICMP ping request within 2 seconds.

This is done by traffic capturing and parsing result file.

==========================================================================================</doc>
<status status="PASS" starttime="20240410 11:14:22.469" endtime="20240410 11:14:43.469"/>
</suite>
<suite id="s1-s3" name="3 Tftp Download" source="/home/rtrk/Desktop/robotPractise/Test_Suites/3_tftp_download.robot">
<test id="s1-s3-t1" name="Clear Directory" line="25">
<kw name="Clear Directory" library="tftp_download">
<var>${result}</var>
<arg>${tftpFilesPath}</arg>
<kw name="Evaluate" library="BuiltIn">
<var>${result}</var>
<arg>TftpDownload.clearMyDirectory(${dest_path})</arg>
<doc>Evaluates the given expression in Python and returns the result.</doc>
<msg timestamp="20240410 11:14:43.504" level="INFO">${result} = Directory for storing default and user files is emptied</msg>
<status status="PASS" starttime="20240410 11:14:43.476" endtime="20240410 11:14:43.504"/>
</kw>
<msg timestamp="20240410 11:14:43.504" level="INFO">${result} = Directory for storing default and user files is emptied</msg>
<status status="PASS" starttime="20240410 11:14:43.476" endtime="20240410 11:14:43.504"/>
</kw>
<kw name="Set Test Message" library="BuiltIn">
<arg>${result}</arg>
<doc>Sets message for the current test case.</doc>
<msg timestamp="20240410 11:14:43.505" level="INFO">Set test message to:
Directory for storing default and user files is emptied</msg>
<status status="PASS" starttime="20240410 11:14:43.505" endtime="20240410 11:14:43.505"/>
</kw>
<doc>Delete all files previously downloaded in directory TFTP_Files</doc>
<status status="PASS" starttime="20240410 11:14:43.475" endtime="20240410 11:14:43.505">Directory for storing default and user files is emptied</status>
</test>
<test id="s1-s3-t2" name="Pre-Initialization" line="30">
<kw name="Performing Pre-Initialization" library="icmp_reply_check">
<var>${result}</var>
<kw name="Evaluate" library="BuiltIn">
<var>${result}</var>
<arg>IcmpReplyCheck.performingPreInitializationStepsOFTheTestEnvironment()</arg>
<doc>Evaluates the given expression in Python and returns the result.</doc>
<msg timestamp="20240410 11:14:44.521" level="INFO">${result} = - EPOS interface enx7cc2c64758ab has IP address 10.0.1.37
Clearing following ip addresses:
Clearing EPOS IP address.
Setting following ip addresses:
Setting EPOS IP address.
Setting following ARP entr...</msg>
<status status="PASS" starttime="20240410 11:14:43.506" endtime="20240410 11:14:44.522"/>
</kw>
<msg timestamp="20240410 11:14:44.522" level="INFO">${result} = - EPOS interface enx7cc2c64758ab has IP address 10.0.1.37
Clearing following ip addresses:
Clearing EPOS IP address.
Setting following ip addresses:
Setting EPOS IP address.
Setting following ARP entr...</msg>
<status status="PASS" starttime="20240410 11:14:43.505" endtime="20240410 11:14:44.522"/>
</kw>
<kw name="Set Test Message" library="BuiltIn">
<arg>${result}</arg>
<doc>Sets message for the current test case.</doc>
<msg timestamp="20240410 11:14:44.523" level="INFO">Set test message to:
- EPOS interface enx7cc2c64758ab has IP address 10.0.1.37
Clearing following ip addresses:
Clearing EPOS IP address.
Setting following ip addresses:
Setting EPOS IP address.
Setting following ARP entries:
Setting arp entry for EPOS
</msg>
<status status="PASS" starttime="20240410 11:14:44.523" endtime="20240410 11:14:44.523"/>
</kw>
<doc>Perform pre-initialization steps of the test environment</doc>
<status status="PASS" starttime="20240410 11:14:43.505" endtime="20240410 11:14:44.524">- EPOS interface enx7cc2c64758ab has IP address 10.0.1.37
Clearing following ip addresses:
Clearing EPOS IP address.
Setting following ip addresses:
Setting EPOS IP address.
Setting following ARP entries:
Setting arp entry for EPOS
</status>
</test>
<test id="s1-s3-t3" name="Get Firmware Into Operational Mode" line="35">
<kw name="Get Firmware Into Operational Mode" library="icmp_reply_check">
<var>${result}</var>
<kw name="Evaluate" library="BuiltIn">
<var>${result}</var>
<arg>IcmpReplyCheck.getFirwmwareIntoOperationalMode()</arg>
<doc>Evaluates the given expression in Python and returns the result.</doc>
<msg timestamp="20240410 11:14:56.073" level="INFO">device id: 
device id: TT5YRQXL
Iface 
Iface &lt;FIP.Interface.ft232 object at 0x7fe8efe9eca0&gt;
&lt;FIP.Interface.ft232 object at 0x7fe8efe9eca0&gt;</msg>
<msg timestamp="20240410 11:14:56.073" level="INFO">${result} = Firmware is in OPERATIONAL mode</msg>
<status status="PASS" starttime="20240410 11:14:44.525" endtime="20240410 11:14:56.073"/>
</kw>
<msg timestamp="20240410 11:14:56.073" level="INFO">${result} = Firmware is in OPERATIONAL mode</msg>
<status status="PASS" starttime="20240410 11:14:44.525" endtime="20240410 11:14:56.073"/>
</kw>
<kw name="Set Test Message" library="BuiltIn">
<arg>${result}</arg>
<doc>Sets message for the current test case.</doc>
<msg timestamp="20240410 11:14:56.073" level="INFO">Set test message to:
Firmware is in OPERATIONAL mode</msg>
<status status="PASS" starttime="20240410 11:14:56.073" endtime="20240410 11:14:56.074"/>
</kw>
<doc>Get Firmware into Operational mode</doc>
<status status="PASS" starttime="20240410 11:14:44.524" endtime="20240410 11:14:56.074">Firmware is in OPERATIONAL mode</status>
</test>
<test id="s1-s3-t4" name="Download Files Via TFTP" line="40">
<kw name="TFTP Download Files" library="tftp_download">
<var>${result}</var>
<arg>${tftpFilesPath}</arg>
<kw name="Evaluate" library="BuiltIn">
<var>${result}</var>
<arg>TftpDownload.downloadFilesViaTftp(${dest_path})</arg>
<doc>Evaluates the given expression in Python and returns the result.</doc>
<msg timestamp="20240410 11:14:56.077" level="INFO">Sending tftp download request to 10.0.1.5</msg>
<msg timestamp="20240410 11:14:56.077" level="INFO">    filename -&gt; TTC_FirmwareDft.bin</msg>
<msg timestamp="20240410 11:14:56.077" level="INFO">    options -&gt; {}</msg>
<msg timestamp="20240410 11:14:56.094" level="INFO">Set remote port for session to 69</msg>
<msg timestamp="20240410 11:14:56.094" level="INFO">Received DAT from server</msg>
<msg timestamp="20240410 11:14:56.094" level="INFO">Handling DAT packet - block 1</msg>
<msg timestamp="20240410 11:14:56.094" level="INFO">Sending ack to block 1</msg>
<msg timestamp="20240410 11:14:56.109" level="INFO">Handling DAT packet - block 2</msg>
<msg timestamp="20240410 11:14:56.109" level="INFO">Sending ack to block 2</msg>
<msg timestamp="20240410 11:14:56.124" level="INFO">Handling DAT packet - block 3</msg>
<msg timestamp="20240410 11:14:56.124" level="INFO">Sending ack to block 3</msg>
<msg timestamp="20240410 11:14:56.139" level="INFO">Handling DAT packet - block 4</msg>
<msg timestamp="20240410 11:14:56.139" level="INFO">Sending ack to block 4</msg>
<msg timestamp="20240410 11:14:56.154" level="INFO">Handling DAT packet - block 5</msg>
<msg timestamp="20240410 11:14:56.155" level="INFO">Sending ack to block 5</msg>
<msg timestamp="20240410 11:14:56.169" level="INFO">Handling DAT packet - block 6</msg>
<msg timestamp="20240410 11:14:56.170" level="INFO">Sending ack to block 6</msg>
<msg timestamp="20240410 11:14:56.184" level="INFO">Handling DAT packet - block 7</msg>
<msg timestamp="20240410 11:14:56.185" level="INFO">Sending ack to block 7</msg>
<msg timestamp="20240410 11:14:56.199" level="INFO">Handling DAT packet - block 8</msg>
<msg timestamp="20240410 11:14:56.200" level="INFO">Sending ack to block 8</msg>
<msg timestamp="20240410 11:14:56.214" level="INFO">Handling DAT packet - block 9</msg>
<msg timestamp="20240410 11:14:56.215" level="INFO">Sending ack to block 9</msg>
<msg timestamp="20240410 11:14:56.229" level="INFO">Handling DAT packet - block 10</msg>
<msg timestamp="20240410 11:14:56.230" level="INFO">Sending ack to block 10</msg>
<msg timestamp="20240410 11:14:56.244" level="INFO">Handling DAT packet - block 11</msg>
<msg timestamp="20240410 11:14:56.245" level="INFO">Sending ack to block 11</msg>
<msg timestamp="20240410 11:14:56.259" level="INFO">Handling DAT packet - block 12</msg>
<msg timestamp="20240410 11:14:56.260" level="INFO">Sending ack to block 12</msg>
<msg timestamp="20240410 11:14:56.274" level="INFO">Handling DAT packet - block 13</msg>
<msg timestamp="20240410 11:14:56.275" level="INFO">Sending ack to block 13</msg>
<msg timestamp="20240410 11:14:56.289" level="INFO">Handling DAT packet - block 14</msg>
<msg timestamp="20240410 11:14:56.290" level="INFO">Sending ack to block 14</msg>
<msg timestamp="20240410 11:14:56.304" level="INFO">Handling DAT packet - block 15</msg>
<msg timestamp="20240410 11:14:56.305" level="INFO">Sending ack to block 15</msg>
<msg timestamp="20240410 11:14:56.319" level="INFO">Handling DAT packet - block 16</msg>
<msg timestamp="20240410 11:14:56.319" level="INFO">Sending ack to block 16</msg>
<msg timestamp="20240410 11:14:56.334" level="INFO">Handling DAT packet - block 17</msg>
<msg timestamp="20240410 11:14:56.334" level="INFO">Sending ack to block 17</msg>
<msg timestamp="20240410 11:14:56.349" level="INFO">Handling DAT packet - block 18</msg>
<msg timestamp="20240410 11:14:56.349" level="INFO">Sending ack to block 18</msg>
<msg timestamp="20240410 11:14:56.364" level="INFO">Handling DAT packet - block 19</msg>
<msg timestamp="20240410 11:14:56.364" level="INFO">Sending ack to block 19</msg>
<msg timestamp="20240410 11:14:56.379" level="INFO">Handling DAT packet - block 20</msg>
<msg timestamp="20240410 11:14:56.379" level="INFO">Sending ack to block 20</msg>
<msg timestamp="20240410 11:14:56.394" level="INFO">Handling DAT packet - block 21</msg>
<msg timestamp="20240410 11:14:56.394" level="INFO">Sending ack to block 21</msg>
<msg timestamp="20240410 11:14:56.409" level="INFO">Handling DAT packet - block 22</msg>
<msg timestamp="20240410 11:14:56.409" level="INFO">Sending ack to block 22</msg>
<msg timestamp="20240410 11:14:56.424" level="INFO">Handling DAT packet - block 23</msg>
<msg timestamp="20240410 11:14:56.424" level="INFO">Sending ack to block 23</msg>
<msg timestamp="20240410 11:14:56.439" level="INFO">Handling DAT packet - block 24</msg>
<msg timestamp="20240410 11:14:56.439" level="INFO">Sending ack to block 24</msg>
<msg timestamp="20240410 11:14:56.454" level="INFO">Handling DAT packet - block 25</msg>
<msg timestamp="20240410 11:14:56.454" level="INFO">Sending ack to block 25</msg>
<msg timestamp="20240410 11:14:56.469" level="INFO">Handling DAT packet - block 26</msg>
<msg timestamp="20240410 11:14:56.469" level="INFO">Sending ack to block 26</msg>
<msg timestamp="20240410 11:14:56.484" level="INFO">Handling DAT packet - block 27</msg>
<msg timestamp="20240410 11:14:56.484" level="INFO">Sending ack to block 27</msg>
<msg timestamp="20240410 11:14:56.499" level="INFO">Handling DAT packet - block 28</msg>
<msg timestamp="20240410 11:14:56.499" level="INFO">Sending ack to block 28</msg>
<msg timestamp="20240410 11:14:56.514" level="INFO">Handling DAT packet - block 29</msg>
<msg timestamp="20240410 11:14:56.514" level="INFO">Sending ack to block 29</msg>
<msg timestamp="20240410 11:14:56.529" level="INFO">Handling DAT packet - block 30</msg>
<msg timestamp="20240410 11:14:56.529" level="INFO">Sending ack to block 30</msg>
<msg timestamp="20240410 11:14:56.544" level="INFO">Handling DAT packet - block 31</msg>
<msg timestamp="20240410 11:14:56.545" level="INFO">Sending ack to block 31</msg>
<msg timestamp="20240410 11:14:56.559" level="INFO">Handling DAT packet - block 32</msg>
<msg timestamp="20240410 11:14:56.560" level="INFO">Sending ack to block 32</msg>
<msg timestamp="20240410 11:14:56.574" level="INFO">Handling DAT packet - block 33</msg>
<msg timestamp="20240410 11:14:56.575" level="INFO">Sending ack to block 33</msg>
<msg timestamp="20240410 11:14:56.589" level="INFO">Handling DAT packet - block 34</msg>
<msg timestamp="20240410 11:14:56.589" level="INFO">Sending ack to block 34</msg>
<msg timestamp="20240410 11:14:56.604" level="INFO">Handling DAT packet - block 35</msg>
<msg timestamp="20240410 11:14:56.604" level="INFO">Sending ack to block 35</msg>
<msg timestamp="20240410 11:14:56.619" level="INFO">Handling DAT packet - block 36</msg>
<msg timestamp="20240410 11:14:56.619" level="INFO">Sending ack to block 36</msg>
<msg timestamp="20240410 11:14:56.634" level="INFO">Handling DAT packet - block 37</msg>
<msg timestamp="20240410 11:14:56.634" level="INFO">Sending ack to block 37</msg>
<msg timestamp="20240410 11:14:56.649" level="INFO">Handling DAT packet - block 38</msg>
<msg timestamp="20240410 11:14:56.649" level="INFO">Sending ack to block 38</msg>
<msg timestamp="20240410 11:14:56.664" level="INFO">Handling DAT packet - block 39</msg>
<msg timestamp="20240410 11:14:56.664" level="INFO">Sending ack to block 39</msg>
<msg timestamp="20240410 11:14:56.679" level="INFO">Handling DAT packet - block 40</msg>
<msg timestamp="20240410 11:14:56.679" level="INFO">Sending ack to block 40</msg>
<msg timestamp="20240410 11:14:56.694" level="INFO">Handling DAT packet - block 41</msg>
<msg timestamp="20240410 11:14:56.694" level="INFO">Sending ack to block 41</msg>
<msg timestamp="20240410 11:14:56.709" level="INFO">Handling DAT packet - block 42</msg>
<msg timestamp="20240410 11:14:56.709" level="INFO">Sending ack to block 42</msg>
<msg timestamp="20240410 11:14:56.724" level="INFO">Handling DAT packet - block 43</msg>
<msg timestamp="20240410 11:14:56.724" level="INFO">Sending ack to block 43</msg>
<msg timestamp="20240410 11:14:56.739" level="INFO">Handling DAT packet - block 44</msg>
<msg timestamp="20240410 11:14:56.739" level="INFO">Sending ack to block 44</msg>
<msg timestamp="20240410 11:14:56.754" level="INFO">Handling DAT packet - block 45</msg>
<msg timestamp="20240410 11:14:56.754" level="INFO">Sending ack to block 45</msg>
<msg timestamp="20240410 11:14:56.769" level="INFO">Handling DAT packet - block 46</msg>
<msg timestamp="20240410 11:14:56.769" level="INFO">Sending ack to block 46</msg>
<msg timestamp="20240410 11:14:56.784" level="INFO">Handling DAT packet - block 47</msg>
<msg timestamp="20240410 11:14:56.784" level="INFO">Sending ack to block 47</msg>
<msg timestamp="20240410 11:14:56.799" level="INFO">Handling DAT packet - block 48</msg>
<msg timestamp="20240410 11:14:56.799" level="INFO">Sending ack to block 48</msg>
<msg timestamp="20240410 11:14:56.814" level="INFO">Handling DAT packet - block 49</msg>
<msg timestamp="20240410 11:14:56.814" level="INFO">Sending ack to block 49</msg>
<msg timestamp="20240410 11:14:56.829" level="INFO">Handling DAT packet - block 50</msg>
<msg timestamp="20240410 11:14:56.829" level="INFO">Sending ack to block 50</msg>
<msg timestamp="20240410 11:14:56.844" level="INFO">Handling DAT packet - block 51</msg>
<msg timestamp="20240410 11:14:56.844" level="INFO">Sending ack to block 51</msg>
<msg timestamp="20240410 11:14:56.859" level="INFO">Handling DAT packet - block 52</msg>
<msg timestamp="20240410 11:14:56.859" level="INFO">Sending ack to block 52</msg>
<msg timestamp="20240410 11:14:56.874" level="INFO">Handling DAT packet - block 53</msg>
<msg timestamp="20240410 11:14:56.874" level="INFO">Sending ack to block 53</msg>
<msg timestamp="20240410 11:14:56.889" level="INFO">Handling DAT packet - block 54</msg>
<msg timestamp="20240410 11:14:56.889" level="INFO">Sending ack to block 54</msg>
<msg timestamp="20240410 11:14:56.904" level="INFO">Handling DAT packet - block 55</msg>
<msg timestamp="20240410 11:14:56.904" level="INFO">Sending ack to block 55</msg>
<msg timestamp="20240410 11:14:56.919" level="INFO">Handling DAT packet - block 56</msg>
<msg timestamp="20240410 11:14:56.919" level="INFO">Sending ack to block 56</msg>
<msg timestamp="20240410 11:14:56.934" level="INFO">Handling DAT packet - block 57</msg>
<msg timestamp="20240410 11:14:56.934" level="INFO">Sending ack to block 57</msg>
<msg timestamp="20240410 11:14:56.949" level="INFO">Handling DAT packet - block 58</msg>
<msg timestamp="20240410 11:14:56.949" level="INFO">Sending ack to block 58</msg>
<msg timestamp="20240410 11:14:56.964" level="INFO">Handling DAT packet - block 59</msg>
<msg timestamp="20240410 11:14:56.964" level="INFO">Sending ack to block 59</msg>
<msg timestamp="20240410 11:14:56.979" level="INFO">Handling DAT packet - block 60</msg>
<msg timestamp="20240410 11:14:56.979" level="INFO">Sending ack to block 60</msg>
<msg timestamp="20240410 11:14:56.994" level="INFO">Handling DAT packet - block 61</msg>
<msg timestamp="20240410 11:14:56.994" level="INFO">Sending ack to block 61</msg>
<msg timestamp="20240410 11:14:57.009" level="INFO">Handling DAT packet - block 62</msg>
<msg timestamp="20240410 11:14:57.009" level="INFO">Sending ack to block 62</msg>
<msg timestamp="20240410 11:14:57.024" level="INFO">Handling DAT packet - block 63</msg>
<msg timestamp="20240410 11:14:57.024" level="INFO">Sending ack to block 63</msg>
<msg timestamp="20240410 11:14:57.039" level="INFO">Handling DAT packet - block 64</msg>
<msg timestamp="20240410 11:14:57.039" level="INFO">Sending ack to block 64</msg>
<msg timestamp="20240410 11:14:57.054" level="INFO">Handling DAT packet - block 65</msg>
<msg timestamp="20240410 11:14:57.054" level="INFO">Sending ack to block 65</msg>
<msg timestamp="20240410 11:14:57.069" level="INFO">Handling DAT packet - block 66</msg>
<msg timestamp="20240410 11:14:57.069" level="INFO">Sending ack to block 66</msg>
<msg timestamp="20240410 11:14:57.084" level="INFO">Handling DAT packet - block 67</msg>
<msg timestamp="20240410 11:14:57.084" level="INFO">Sending ack to block 67</msg>
<msg timestamp="20240410 11:14:57.099" level="INFO">Handling DAT packet - block 68</msg>
<msg timestamp="20240410 11:14:57.099" level="INFO">Sending ack to block 68</msg>
<msg timestamp="20240410 11:14:57.114" level="INFO">Handling DAT packet - block 69</msg>
<msg timestamp="20240410 11:14:57.114" level="INFO">Sending ack to block 69</msg>
<msg timestamp="20240410 11:14:57.129" level="INFO">Handling DAT packet - block 70</msg>
<msg timestamp="20240410 11:14:57.129" level="INFO">Sending ack to block 70</msg>
<msg timestamp="20240410 11:14:57.144" level="INFO">Handling DAT packet - block 71</msg>
<msg timestamp="20240410 11:14:57.144" level="INFO">Sending ack to block 71</msg>
<msg timestamp="20240410 11:14:57.159" level="INFO">Handling DAT packet - block 72</msg>
<msg timestamp="20240410 11:14:57.159" level="INFO">Sending ack to block 72</msg>
<msg timestamp="20240410 11:14:57.174" level="INFO">Handling DAT packet - block 73</msg>
<msg timestamp="20240410 11:14:57.174" level="INFO">Sending ack to block 73</msg>
<msg timestamp="20240410 11:14:57.189" level="INFO">Handling DAT packet - block 74</msg>
<msg timestamp="20240410 11:14:57.189" level="INFO">Sending ack to block 74</msg>
<msg timestamp="20240410 11:14:57.204" level="INFO">Handling DAT packet - block 75</msg>
<msg timestamp="20240410 11:14:57.204" level="INFO">Sending ack to block 75</msg>
<msg timestamp="20240410 11:14:57.219" level="INFO">Handling DAT packet - block 76</msg>
<msg timestamp="20240410 11:14:57.219" level="INFO">Sending ack to block 76</msg>
<msg timestamp="20240410 11:14:57.234" level="INFO">Handling DAT packet - block 77</msg>
<msg timestamp="20240410 11:14:57.234" level="INFO">Sending ack to block 77</msg>
<msg timestamp="20240410 11:14:57.249" level="INFO">Handling DAT packet - block 78</msg>
<msg timestamp="20240410 11:14:57.249" level="INFO">Sending ack to block 78</msg>
<msg timestamp="20240410 11:14:57.264" level="INFO">Handling DAT packet - block 79</msg>
<msg timestamp="20240410 11:14:57.264" level="INFO">Sending ack to block 79</msg>
<msg timestamp="20240410 11:14:57.279" level="INFO">Handling DAT packet - block 80</msg>
<msg timestamp="20240410 11:14:57.279" level="INFO">Sending ack to block 80</msg>
<msg timestamp="20240410 11:14:57.294" level="INFO">Handling DAT packet - block 81</msg>
<msg timestamp="20240410 11:14:57.294" level="INFO">Sending ack to block 81</msg>
<msg timestamp="20240410 11:14:57.309" level="INFO">Handling DAT packet - block 82</msg>
<msg timestamp="20240410 11:14:57.309" level="INFO">Sending ack to block 82</msg>
<msg timestamp="20240410 11:14:57.324" level="INFO">Handling DAT packet - block 83</msg>
<msg timestamp="20240410 11:14:57.324" level="INFO">Sending ack to block 83</msg>
<msg timestamp="20240410 11:14:57.339" level="INFO">Handling DAT packet - block 84</msg>
<msg timestamp="20240410 11:14:57.339" level="INFO">Sending ack to block 84</msg>
<msg timestamp="20240410 11:14:57.354" level="INFO">Handling DAT packet - block 85</msg>
<msg timestamp="20240410 11:14:57.354" level="INFO">Sending ack to block 85</msg>
<msg timestamp="20240410 11:14:57.369" level="INFO">Handling DAT packet - block 86</msg>
<msg timestamp="20240410 11:14:57.369" level="INFO">Sending ack to block 86</msg>
<msg timestamp="20240410 11:14:57.384" level="INFO">Handling DAT packet - block 87</msg>
<msg timestamp="20240410 11:14:57.384" level="INFO">Sending ack to block 87</msg>
<msg timestamp="20240410 11:14:57.399" level="INFO">Handling DAT packet - block 88</msg>
<msg timestamp="20240410 11:14:57.399" level="INFO">Sending ack to block 88</msg>
<msg timestamp="20240410 11:14:57.414" level="INFO">Handling DAT packet - block 89</msg>
<msg timestamp="20240410 11:14:57.414" level="INFO">Sending ack to block 89</msg>
<msg timestamp="20240410 11:14:57.429" level="INFO">Handling DAT packet - block 90</msg>
<msg timestamp="20240410 11:14:57.429" level="INFO">Sending ack to block 90</msg>
<msg timestamp="20240410 11:14:57.444" level="INFO">Handling DAT packet - block 91</msg>
<msg timestamp="20240410 11:14:57.444" level="INFO">Sending ack to block 91</msg>
<msg timestamp="20240410 11:14:57.459" level="INFO">Handling DAT packet - block 92</msg>
<msg timestamp="20240410 11:14:57.459" level="INFO">Sending ack to block 92</msg>
<msg timestamp="20240410 11:14:57.474" level="INFO">Handling DAT packet - block 93</msg>
<msg timestamp="20240410 11:14:57.474" level="INFO">Sending ack to block 93</msg>
<msg timestamp="20240410 11:14:57.489" level="INFO">Handling DAT packet - block 94</msg>
<msg timestamp="20240410 11:14:57.489" level="INFO">Sending ack to block 94</msg>
<msg timestamp="20240410 11:14:57.504" level="INFO">Handling DAT packet - block 95</msg>
<msg timestamp="20240410 11:14:57.504" level="INFO">Sending ack to block 95</msg>
<msg timestamp="20240410 11:14:57.519" level="INFO">Handling DAT packet - block 96</msg>
<msg timestamp="20240410 11:14:57.519" level="INFO">Sending ack to block 96</msg>
<msg timestamp="20240410 11:14:57.534" level="INFO">Handling DAT packet - block 97</msg>
<msg timestamp="20240410 11:14:57.534" level="INFO">Sending ack to block 97</msg>
<msg timestamp="20240410 11:14:57.549" level="INFO">Handling DAT packet - block 98</msg>
<msg timestamp="20240410 11:14:57.549" level="INFO">Sending ack to block 98</msg>
<msg timestamp="20240410 11:14:57.564" level="INFO">Handling DAT packet - block 99</msg>
<msg timestamp="20240410 11:14:57.564" level="INFO">Sending ack to block 99</msg>
<msg timestamp="20240410 11:14:57.579" level="INFO">Handling DAT packet - block 100</msg>
<msg timestamp="20240410 11:14:57.579" level="INFO">Sending ack to block 100</msg>
<msg timestamp="20240410 11:14:57.594" level="INFO">Handling DAT packet - block 101</msg>
<msg timestamp="20240410 11:14:57.594" level="INFO">Sending ack to block 101</msg>
<msg timestamp="20240410 11:14:57.609" level="INFO">Handling DAT packet - block 102</msg>
<msg timestamp="20240410 11:14:57.609" level="INFO">Sending ack to block 102</msg>
<msg timestamp="20240410 11:14:57.624" level="INFO">Handling DAT packet - block 103</msg>
<msg timestamp="20240410 11:14:57.624" level="INFO">Sending ack to block 103</msg>
<msg timestamp="20240410 11:14:57.639" level="INFO">Handling DAT packet - block 104</msg>
<msg timestamp="20240410 11:14:57.639" level="INFO">Sending ack to block 104</msg>
<msg timestamp="20240410 11:14:57.654" level="INFO">Handling DAT packet - block 105</msg>
<msg timestamp="20240410 11:14:57.654" level="INFO">Sending ack to block 105</msg>
<msg timestamp="20240410 11:14:57.669" level="INFO">Handling DAT packet - block 106</msg>
<msg timestamp="20240410 11:14:57.669" level="INFO">Sending ack to block 106</msg>
<msg timestamp="20240410 11:14:57.684" level="INFO">Handling DAT packet - block 107</msg>
<msg timestamp="20240410 11:14:57.684" level="INFO">Sending ack to block 107</msg>
<msg timestamp="20240410 11:14:57.699" level="INFO">Handling DAT packet - block 108</msg>
<msg timestamp="20240410 11:14:57.699" level="INFO">Sending ack to block 108</msg>
<msg timestamp="20240410 11:14:57.714" level="INFO">Handling DAT packet - block 109</msg>
<msg timestamp="20240410 11:14:57.714" level="INFO">Sending ack to block 109</msg>
<msg timestamp="20240410 11:14:57.729" level="INFO">Handling DAT packet - block 110</msg>
<msg timestamp="20240410 11:14:57.729" level="INFO">Sending ack to block 110</msg>
<msg timestamp="20240410 11:14:57.744" level="INFO">Handling DAT packet - block 111</msg>
<msg timestamp="20240410 11:14:57.744" level="INFO">Sending ack to block 111</msg>
<msg timestamp="20240410 11:14:57.759" level="INFO">Handling DAT packet - block 112</msg>
<msg timestamp="20240410 11:14:57.759" level="INFO">Sending ack to block 112</msg>
<msg timestamp="20240410 11:14:57.774" level="INFO">Handling DAT packet - block 113</msg>
<msg timestamp="20240410 11:14:57.774" level="INFO">Sending ack to block 113</msg>
<msg timestamp="20240410 11:14:57.789" level="INFO">Handling DAT packet - block 114</msg>
<msg timestamp="20240410 11:14:57.789" level="INFO">Sending ack to block 114</msg>
<msg timestamp="20240410 11:14:57.804" level="INFO">Handling DAT packet - block 115</msg>
<msg timestamp="20240410 11:14:57.804" level="INFO">Sending ack to block 115</msg>
<msg timestamp="20240410 11:14:57.819" level="INFO">Handling DAT packet - block 116</msg>
<msg timestamp="20240410 11:14:57.819" level="INFO">Sending ack to block 116</msg>
<msg timestamp="20240410 11:14:57.834" level="INFO">Handling DAT packet - block 117</msg>
<msg timestamp="20240410 11:14:57.834" level="INFO">Sending ack to block 117</msg>
<msg timestamp="20240410 11:14:57.849" level="INFO">Handling DAT packet - block 118</msg>
<msg timestamp="20240410 11:14:57.849" level="INFO">Sending ack to block 118</msg>
<msg timestamp="20240410 11:14:57.864" level="INFO">Handling DAT packet - block 119</msg>
<msg timestamp="20240410 11:14:57.864" level="INFO">Sending ack to block 119</msg>
<msg timestamp="20240410 11:14:57.879" level="INFO">Handling DAT packet - block 120</msg>
<msg timestamp="20240410 11:14:57.879" level="INFO">Sending ack to block 120</msg>
<msg timestamp="20240410 11:14:57.894" level="INFO">Handling DAT packet - block 121</msg>
<msg timestamp="20240410 11:14:57.894" level="INFO">Sending ack to block 121</msg>
<msg timestamp="20240410 11:14:57.909" level="INFO">Handling DAT packet - block 122</msg>
<msg timestamp="20240410 11:14:57.909" level="INFO">Sending ack to block 122</msg>
<msg timestamp="20240410 11:14:57.924" level="INFO">Handling DAT packet - block 123</msg>
<msg timestamp="20240410 11:14:57.924" level="INFO">Sending ack to block 123</msg>
<msg timestamp="20240410 11:14:57.939" level="INFO">Handling DAT packet - block 124</msg>
<msg timestamp="20240410 11:14:57.939" level="INFO">Sending ack to block 124</msg>
<msg timestamp="20240410 11:14:57.954" level="INFO">Handling DAT packet - block 125</msg>
<msg timestamp="20240410 11:14:57.954" level="INFO">Sending ack to block 125</msg>
<msg timestamp="20240410 11:14:57.969" level="INFO">Handling DAT packet - block 126</msg>
<msg timestamp="20240410 11:14:57.969" level="INFO">Sending ack to block 126</msg>
<msg timestamp="20240410 11:14:57.984" level="INFO">Handling DAT packet - block 127</msg>
<msg timestamp="20240410 11:14:57.984" level="INFO">Sending ack to block 127</msg>
<msg timestamp="20240410 11:14:57.999" level="INFO">Handling DAT packet - block 128</msg>
<msg timestamp="20240410 11:14:57.999" level="INFO">Sending ack to block 128</msg>
<msg timestamp="20240410 11:14:58.014" level="INFO">Handling DAT packet - block 129</msg>
<msg timestamp="20240410 11:14:58.014" level="INFO">Sending ack to block 129</msg>
<msg timestamp="20240410 11:14:58.029" level="INFO">Handling DAT packet - block 130</msg>
<msg timestamp="20240410 11:14:58.029" level="INFO">Sending ack to block 130</msg>
<msg timestamp="20240410 11:14:58.044" level="INFO">Handling DAT packet - block 131</msg>
<msg timestamp="20240410 11:14:58.044" level="INFO">Sending ack to block 131</msg>
<msg timestamp="20240410 11:14:58.059" level="INFO">Handling DAT packet - block 132</msg>
<msg timestamp="20240410 11:14:58.059" level="INFO">Sending ack to block 132</msg>
<msg timestamp="20240410 11:14:58.074" level="INFO">Handling DAT packet - block 133</msg>
<msg timestamp="20240410 11:14:58.074" level="INFO">Sending ack to block 133</msg>
<msg timestamp="20240410 11:14:58.089" level="INFO">Handling DAT packet - block 134</msg>
<msg timestamp="20240410 11:14:58.089" level="INFO">Sending ack to block 134</msg>
<msg timestamp="20240410 11:14:58.104" level="INFO">Handling DAT packet - block 135</msg>
<msg timestamp="20240410 11:14:58.104" level="INFO">Sending ack to block 135</msg>
<msg timestamp="20240410 11:14:58.119" level="INFO">Handling DAT packet - block 136</msg>
<msg timestamp="20240410 11:14:58.119" level="INFO">Sending ack to block 136</msg>
<msg timestamp="20240410 11:14:58.134" level="INFO">Handling DAT packet - block 137</msg>
<msg timestamp="20240410 11:14:58.134" level="INFO">Sending ack to block 137</msg>
<msg timestamp="20240410 11:14:58.149" level="INFO">Handling DAT packet - block 138</msg>
<msg timestamp="20240410 11:14:58.149" level="INFO">Sending ack to block 138</msg>
<msg timestamp="20240410 11:14:58.164" level="INFO">Handling DAT packet - block 139</msg>
<msg timestamp="20240410 11:14:58.164" level="INFO">Sending ack to block 139</msg>
<msg timestamp="20240410 11:14:58.179" level="INFO">Handling DAT packet - block 140</msg>
<msg timestamp="20240410 11:14:58.179" level="INFO">Sending ack to block 140</msg>
<msg timestamp="20240410 11:14:58.194" level="INFO">Handling DAT packet - block 141</msg>
<msg timestamp="20240410 11:14:58.194" level="INFO">Sending ack to block 141</msg>
<msg timestamp="20240410 11:14:58.209" level="INFO">Handling DAT packet - block 142</msg>
<msg timestamp="20240410 11:14:58.209" level="INFO">Sending ack to block 142</msg>
<msg timestamp="20240410 11:14:58.224" level="INFO">Handling DAT packet - block 143</msg>
<msg timestamp="20240410 11:14:58.224" level="INFO">Sending ack to block 143</msg>
<msg timestamp="20240410 11:14:58.239" level="INFO">Handling DAT packet - block 144</msg>
<msg timestamp="20240410 11:14:58.239" level="INFO">Sending ack to block 144</msg>
<msg timestamp="20240410 11:14:58.254" level="INFO">Handling DAT packet - block 145</msg>
<msg timestamp="20240410 11:14:58.254" level="INFO">Sending ack to block 145</msg>
<msg timestamp="20240410 11:14:58.269" level="INFO">Handling DAT packet - block 146</msg>
<msg timestamp="20240410 11:14:58.269" level="INFO">Sending ack to block 146</msg>
<msg timestamp="20240410 11:14:58.284" level="INFO">Handling DAT packet - block 147</msg>
<msg timestamp="20240410 11:14:58.284" level="INFO">Sending ack to block 147</msg>
<msg timestamp="20240410 11:14:58.299" level="INFO">Handling DAT packet - block 148</msg>
<msg timestamp="20240410 11:14:58.299" level="INFO">Sending ack to block 148</msg>
<msg timestamp="20240410 11:14:58.314" level="INFO">Handling DAT packet - block 149</msg>
<msg timestamp="20240410 11:14:58.314" level="INFO">Sending ack to block 149</msg>
<msg timestamp="20240410 11:14:58.329" level="INFO">Handling DAT packet - block 150</msg>
<msg timestamp="20240410 11:14:58.329" level="INFO">Sending ack to block 150</msg>
<msg timestamp="20240410 11:14:58.344" level="INFO">Handling DAT packet - block 151</msg>
<msg timestamp="20240410 11:14:58.344" level="INFO">Sending ack to block 151</msg>
<msg timestamp="20240410 11:14:58.359" level="INFO">Handling DAT packet - block 152</msg>
<msg timestamp="20240410 11:14:58.359" level="INFO">Sending ack to block 152</msg>
<msg timestamp="20240410 11:14:58.374" level="INFO">Handling DAT packet - block 153</msg>
<msg timestamp="20240410 11:14:58.374" level="INFO">Sending ack to block 153</msg>
<msg timestamp="20240410 11:14:58.389" level="INFO">Handling DAT packet - block 154</msg>
<msg timestamp="20240410 11:14:58.389" level="INFO">Sending ack to block 154</msg>
<msg timestamp="20240410 11:14:58.404" level="INFO">Handling DAT packet - block 155</msg>
<msg timestamp="20240410 11:14:58.404" level="INFO">Sending ack to block 155</msg>
<msg timestamp="20240410 11:14:58.419" level="INFO">Handling DAT packet - block 156</msg>
<msg timestamp="20240410 11:14:58.419" level="INFO">Sending ack to block 156</msg>
<msg timestamp="20240410 11:14:58.434" level="INFO">Handling DAT packet - block 157</msg>
<msg timestamp="20240410 11:14:58.434" level="INFO">Sending ack to block 157</msg>
<msg timestamp="20240410 11:14:58.449" level="INFO">Handling DAT packet - block 158</msg>
<msg timestamp="20240410 11:14:58.449" level="INFO">Sending ack to block 158</msg>
<msg timestamp="20240410 11:14:58.464" level="INFO">Handling DAT packet - block 159</msg>
<msg timestamp="20240410 11:14:58.464" level="INFO">Sending ack to block 159</msg>
<msg timestamp="20240410 11:14:58.479" level="INFO">Handling DAT packet - block 160</msg>
<msg timestamp="20240410 11:14:58.479" level="INFO">Sending ack to block 160</msg>
<msg timestamp="20240410 11:14:58.494" level="INFO">Handling DAT packet - block 161</msg>
<msg timestamp="20240410 11:14:58.494" level="INFO">Sending ack to block 161</msg>
<msg timestamp="20240410 11:14:58.509" level="INFO">Handling DAT packet - block 162</msg>
<msg timestamp="20240410 11:14:58.509" level="INFO">Sending ack to block 162</msg>
<msg timestamp="20240410 11:14:58.524" level="INFO">Handling DAT packet - block 163</msg>
<msg timestamp="20240410 11:14:58.524" level="INFO">Sending ack to block 163</msg>
<msg timestamp="20240410 11:14:58.539" level="INFO">Handling DAT packet - block 164</msg>
<msg timestamp="20240410 11:14:58.539" level="INFO">Sending ack to block 164</msg>
<msg timestamp="20240410 11:14:58.554" level="INFO">Handling DAT packet - block 165</msg>
<msg timestamp="20240410 11:14:58.554" level="INFO">Sending ack to block 165</msg>
<msg timestamp="20240410 11:14:58.569" level="INFO">Handling DAT packet - block 166</msg>
<msg timestamp="20240410 11:14:58.569" level="INFO">Sending ack to block 166</msg>
<msg timestamp="20240410 11:14:58.584" level="INFO">Handling DAT packet - block 167</msg>
<msg timestamp="20240410 11:14:58.584" level="INFO">Sending ack to block 167</msg>
<msg timestamp="20240410 11:14:58.599" level="INFO">Handling DAT packet - block 168</msg>
<msg timestamp="20240410 11:14:58.599" level="INFO">Sending ack to block 168</msg>
<msg timestamp="20240410 11:14:58.614" level="INFO">Handling DAT packet - block 169</msg>
<msg timestamp="20240410 11:14:58.614" level="INFO">Sending ack to block 169</msg>
<msg timestamp="20240410 11:14:58.629" level="INFO">Handling DAT packet - block 170</msg>
<msg timestamp="20240410 11:14:58.629" level="INFO">Sending ack to block 170</msg>
<msg timestamp="20240410 11:14:58.644" level="INFO">Handling DAT packet - block 171</msg>
<msg timestamp="20240410 11:14:58.644" level="INFO">Sending ack to block 171</msg>
<msg timestamp="20240410 11:14:58.659" level="INFO">Handling DAT packet - block 172</msg>
<msg timestamp="20240410 11:14:58.659" level="INFO">Sending ack to block 172</msg>
<msg timestamp="20240410 11:14:58.674" level="INFO">Handling DAT packet - block 173</msg>
<msg timestamp="20240410 11:14:58.674" level="INFO">Sending ack to block 173</msg>
<msg timestamp="20240410 11:14:58.689" level="INFO">Handling DAT packet - block 174</msg>
<msg timestamp="20240410 11:14:58.689" level="INFO">Sending ack to block 174</msg>
<msg timestamp="20240410 11:14:58.704" level="INFO">Handling DAT packet - block 175</msg>
<msg timestamp="20240410 11:14:58.704" level="INFO">Sending ack to block 175</msg>
<msg timestamp="20240410 11:14:58.719" level="INFO">Handling DAT packet - block 176</msg>
<msg timestamp="20240410 11:14:58.719" level="INFO">Sending ack to block 176</msg>
<msg timestamp="20240410 11:14:58.734" level="INFO">Handling DAT packet - block 177</msg>
<msg timestamp="20240410 11:14:58.734" level="INFO">Sending ack to block 177</msg>
<msg timestamp="20240410 11:14:58.749" level="INFO">Handling DAT packet - block 178</msg>
<msg timestamp="20240410 11:14:58.749" level="INFO">Sending ack to block 178</msg>
<msg timestamp="20240410 11:14:58.764" level="INFO">Handling DAT packet - block 179</msg>
<msg timestamp="20240410 11:14:58.764" level="INFO">Sending ack to block 179</msg>
<msg timestamp="20240410 11:14:58.779" level="INFO">Handling DAT packet - block 180</msg>
<msg timestamp="20240410 11:14:58.779" level="INFO">Sending ack to block 180</msg>
<msg timestamp="20240410 11:14:58.794" level="INFO">Handling DAT packet - block 181</msg>
<msg timestamp="20240410 11:14:58.794" level="INFO">Sending ack to block 181</msg>
<msg timestamp="20240410 11:14:58.809" level="INFO">Handling DAT packet - block 182</msg>
<msg timestamp="20240410 11:14:58.809" level="INFO">Sending ack to block 182</msg>
<msg timestamp="20240410 11:14:58.824" level="INFO">Handling DAT packet - block 183</msg>
<msg timestamp="20240410 11:14:58.824" level="INFO">Sending ack to block 183</msg>
<msg timestamp="20240410 11:14:58.839" level="INFO">Handling DAT packet - block 184</msg>
<msg timestamp="20240410 11:14:58.839" level="INFO">Sending ack to block 184</msg>
<msg timestamp="20240410 11:14:58.854" level="INFO">Handling DAT packet - block 185</msg>
<msg timestamp="20240410 11:14:58.854" level="INFO">Sending ack to block 185</msg>
<msg timestamp="20240410 11:14:58.869" level="INFO">Handling DAT packet - block 186</msg>
<msg timestamp="20240410 11:14:58.869" level="INFO">Sending ack to block 186</msg>
<msg timestamp="20240410 11:14:58.884" level="INFO">Handling DAT packet - block 187</msg>
<msg timestamp="20240410 11:14:58.884" level="INFO">Sending ack to block 187</msg>
<msg timestamp="20240410 11:14:58.899" level="INFO">Handling DAT packet - block 188</msg>
<msg timestamp="20240410 11:14:58.899" level="INFO">Sending ack to block 188</msg>
<msg timestamp="20240410 11:14:58.914" level="INFO">Handling DAT packet - block 189</msg>
<msg timestamp="20240410 11:14:58.914" level="INFO">Sending ack to block 189</msg>
<msg timestamp="20240410 11:14:58.929" level="INFO">Handling DAT packet - block 190</msg>
<msg timestamp="20240410 11:14:58.929" level="INFO">Sending ack to block 190</msg>
<msg timestamp="20240410 11:14:58.944" level="INFO">Handling DAT packet - block 191</msg>
<msg timestamp="20240410 11:14:58.944" level="INFO">Sending ack to block 191</msg>
<msg timestamp="20240410 11:14:58.959" level="INFO">Handling DAT packet - block 192</msg>
<msg timestamp="20240410 11:14:58.959" level="INFO">Sending ack to block 192</msg>
<msg timestamp="20240410 11:14:58.974" level="INFO">Handling DAT packet - block 193</msg>
<msg timestamp="20240410 11:14:58.974" level="INFO">Sending ack to block 193</msg>
<msg timestamp="20240410 11:14:58.988" level="INFO">Handling DAT packet - block 194</msg>
<msg timestamp="20240410 11:14:58.989" level="INFO">Sending ack to block 194</msg>
<msg timestamp="20240410 11:14:59.004" level="INFO">Handling DAT packet - block 195</msg>
<msg timestamp="20240410 11:14:59.004" level="INFO">Sending ack to block 195</msg>
<msg timestamp="20240410 11:14:59.019" level="INFO">Handling DAT packet - block 196</msg>
<msg timestamp="20240410 11:14:59.019" level="INFO">Sending ack to block 196</msg>
<msg timestamp="20240410 11:14:59.034" level="INFO">Handling DAT packet - block 197</msg>
<msg timestamp="20240410 11:14:59.034" level="INFO">Sending ack to block 197</msg>
<msg timestamp="20240410 11:14:59.049" level="INFO">Handling DAT packet - block 198</msg>
<msg timestamp="20240410 11:14:59.049" level="INFO">Sending ack to block 198</msg>
<msg timestamp="20240410 11:14:59.064" level="INFO">Handling DAT packet - block 199</msg>
<msg timestamp="20240410 11:14:59.064" level="INFO">Sending ack to block 199</msg>
<msg timestamp="20240410 11:14:59.079" level="INFO">Handling DAT packet - block 200</msg>
<msg timestamp="20240410 11:14:59.079" level="INFO">Sending ack to block 200</msg>
<msg timestamp="20240410 11:14:59.094" level="INFO">Handling DAT packet - block 201</msg>
<msg timestamp="20240410 11:14:59.094" level="INFO">Sending ack to block 201</msg>
<msg timestamp="20240410 11:14:59.108" level="INFO">Handling DAT packet - block 202</msg>
<msg timestamp="20240410 11:14:59.109" level="INFO">Sending ack to block 202</msg>
<msg timestamp="20240410 11:14:59.123" level="INFO">Handling DAT packet - block 203</msg>
<msg timestamp="20240410 11:14:59.124" level="INFO">Sending ack to block 203</msg>
<msg timestamp="20240410 11:14:59.138" level="INFO">Handling DAT packet - block 204</msg>
<msg timestamp="20240410 11:14:59.139" level="INFO">Sending ack to block 204</msg>
<msg timestamp="20240410 11:14:59.153" level="INFO">Handling DAT packet - block 205</msg>
<msg timestamp="20240410 11:14:59.154" level="INFO">Sending ack to block 205</msg>
<msg timestamp="20240410 11:14:59.168" level="INFO">Handling DAT packet - block 206</msg>
<msg timestamp="20240410 11:14:59.169" level="INFO">Sending ack to block 206</msg>
<msg timestamp="20240410 11:14:59.184" level="INFO">Handling DAT packet - block 207</msg>
<msg timestamp="20240410 11:14:59.184" level="INFO">Sending ack to block 207</msg>
<msg timestamp="20240410 11:14:59.198" level="INFO">Handling DAT packet - block 208</msg>
<msg timestamp="20240410 11:14:59.199" level="INFO">Sending ack to block 208</msg>
<msg timestamp="20240410 11:14:59.213" level="INFO">Handling DAT packet - block 209</msg>
<msg timestamp="20240410 11:14:59.214" level="INFO">Sending ack to block 209</msg>
<msg timestamp="20240410 11:14:59.228" level="INFO">Handling DAT packet - block 210</msg>
<msg timestamp="20240410 11:14:59.229" level="INFO">Sending ack to block 210</msg>
<msg timestamp="20240410 11:14:59.243" level="INFO">Handling DAT packet - block 211</msg>
<msg timestamp="20240410 11:14:59.244" level="INFO">Sending ack to block 211</msg>
<msg timestamp="20240410 11:14:59.258" level="INFO">Handling DAT packet - block 212</msg>
<msg timestamp="20240410 11:14:59.259" level="INFO">Sending ack to block 212</msg>
<msg timestamp="20240410 11:14:59.273" level="INFO">Handling DAT packet - block 213</msg>
<msg timestamp="20240410 11:14:59.274" level="INFO">Sending ack to block 213</msg>
<msg timestamp="20240410 11:14:59.288" level="INFO">Handling DAT packet - block 214</msg>
<msg timestamp="20240410 11:14:59.289" level="INFO">Sending ack to block 214</msg>
<msg timestamp="20240410 11:14:59.303" level="INFO">Handling DAT packet - block 215</msg>
<msg timestamp="20240410 11:14:59.304" level="INFO">Sending ack to block 215</msg>
<msg timestamp="20240410 11:14:59.318" level="INFO">Handling DAT packet - block 216</msg>
<msg timestamp="20240410 11:14:59.319" level="INFO">Sending ack to block 216</msg>
<msg timestamp="20240410 11:14:59.333" level="INFO">Handling DAT packet - block 217</msg>
<msg timestamp="20240410 11:14:59.334" level="INFO">Sending ack to block 217</msg>
<msg timestamp="20240410 11:14:59.348" level="INFO">Handling DAT packet - block 218</msg>
<msg timestamp="20240410 11:14:59.349" level="INFO">Sending ack to block 218</msg>
<msg timestamp="20240410 11:14:59.363" level="INFO">Handling DAT packet - block 219</msg>
<msg timestamp="20240410 11:14:59.364" level="INFO">Sending ack to block 219</msg>
<msg timestamp="20240410 11:14:59.378" level="INFO">Handling DAT packet - block 220</msg>
<msg timestamp="20240410 11:14:59.379" level="INFO">Sending ack to block 220</msg>
<msg timestamp="20240410 11:14:59.393" level="INFO">Handling DAT packet - block 221</msg>
<msg timestamp="20240410 11:14:59.394" level="INFO">Sending ack to block 221</msg>
<msg timestamp="20240410 11:14:59.408" level="INFO">Handling DAT packet - block 222</msg>
<msg timestamp="20240410 11:14:59.409" level="INFO">Sending ack to block 222</msg>
<msg timestamp="20240410 11:14:59.423" level="INFO">Handling DAT packet - block 223</msg>
<msg timestamp="20240410 11:14:59.424" level="INFO">Sending ack to block 223</msg>
<msg timestamp="20240410 11:14:59.438" level="INFO">Handling DAT packet - block 224</msg>
<msg timestamp="20240410 11:14:59.439" level="INFO">Sending ack to block 224</msg>
<msg timestamp="20240410 11:14:59.453" level="INFO">Handling DAT packet - block 225</msg>
<msg timestamp="20240410 11:14:59.454" level="INFO">Sending ack to block 225</msg>
<msg timestamp="20240410 11:14:59.468" level="INFO">Handling DAT packet - block 226</msg>
<msg timestamp="20240410 11:14:59.469" level="INFO">Sending ack to block 226</msg>
<msg timestamp="20240410 11:14:59.483" level="INFO">Handling DAT packet - block 227</msg>
<msg timestamp="20240410 11:14:59.484" level="INFO">Sending ack to block 227</msg>
<msg timestamp="20240410 11:14:59.498" level="INFO">Handling DAT packet - block 228</msg>
<msg timestamp="20240410 11:14:59.499" level="INFO">Sending ack to block 228</msg>
<msg timestamp="20240410 11:14:59.513" level="INFO">Handling DAT packet - block 229</msg>
<msg timestamp="20240410 11:14:59.514" level="INFO">Sending ack to block 229</msg>
<msg timestamp="20240410 11:14:59.528" level="INFO">Handling DAT packet - block 230</msg>
<msg timestamp="20240410 11:14:59.529" level="INFO">Sending ack to block 230</msg>
<msg timestamp="20240410 11:14:59.543" level="INFO">Handling DAT packet - block 231</msg>
<msg timestamp="20240410 11:14:59.544" level="INFO">Sending ack to block 231</msg>
<msg timestamp="20240410 11:14:59.558" level="INFO">Handling DAT packet - block 232</msg>
<msg timestamp="20240410 11:14:59.559" level="INFO">Sending ack to block 232</msg>
<msg timestamp="20240410 11:14:59.573" level="INFO">Handling DAT packet - block 233</msg>
<msg timestamp="20240410 11:14:59.574" level="INFO">Sending ack to block 233</msg>
<msg timestamp="20240410 11:14:59.588" level="INFO">Handling DAT packet - block 234</msg>
<msg timestamp="20240410 11:14:59.589" level="INFO">Sending ack to block 234</msg>
<msg timestamp="20240410 11:14:59.603" level="INFO">Handling DAT packet - block 235</msg>
<msg timestamp="20240410 11:14:59.604" level="INFO">Sending ack to block 235</msg>
<msg timestamp="20240410 11:14:59.618" level="INFO">Handling DAT packet - block 236</msg>
<msg timestamp="20240410 11:14:59.619" level="INFO">Sending ack to block 236</msg>
<msg timestamp="20240410 11:14:59.633" level="INFO">Handling DAT packet - block 237</msg>
<msg timestamp="20240410 11:14:59.634" level="INFO">Sending ack to block 237</msg>
<msg timestamp="20240410 11:14:59.648" level="INFO">Handling DAT packet - block 238</msg>
<msg timestamp="20240410 11:14:59.649" level="INFO">Sending ack to block 238</msg>
<msg timestamp="20240410 11:14:59.663" level="INFO">Handling DAT packet - block 239</msg>
<msg timestamp="20240410 11:14:59.664" level="INFO">Sending ack to block 239</msg>
<msg timestamp="20240410 11:14:59.678" level="INFO">Handling DAT packet - block 240</msg>
<msg timestamp="20240410 11:14:59.679" level="INFO">Sending ack to block 240</msg>
<msg timestamp="20240410 11:14:59.693" level="INFO">Handling DAT packet - block 241</msg>
<msg timestamp="20240410 11:14:59.694" level="INFO">Sending ack to block 241</msg>
<msg timestamp="20240410 11:14:59.708" level="INFO">Handling DAT packet - block 242</msg>
<msg timestamp="20240410 11:14:59.708" level="INFO">Sending ack to block 242</msg>
<msg timestamp="20240410 11:14:59.723" level="INFO">Handling DAT packet - block 243</msg>
<msg timestamp="20240410 11:14:59.724" level="INFO">Sending ack to block 243</msg>
<msg timestamp="20240410 11:14:59.738" level="INFO">Handling DAT packet - block 244</msg>
<msg timestamp="20240410 11:14:59.739" level="INFO">Sending ack to block 244</msg>
<msg timestamp="20240410 11:14:59.753" level="INFO">Handling DAT packet - block 245</msg>
<msg timestamp="20240410 11:14:59.754" level="INFO">Sending ack to block 245</msg>
<msg timestamp="20240410 11:14:59.768" level="INFO">Handling DAT packet - block 246</msg>
<msg timestamp="20240410 11:14:59.769" level="INFO">Sending ack to block 246</msg>
<msg timestamp="20240410 11:14:59.783" level="INFO">Handling DAT packet - block 247</msg>
<msg timestamp="20240410 11:14:59.784" level="INFO">Sending ack to block 247</msg>
<msg timestamp="20240410 11:14:59.798" level="INFO">Handling DAT packet - block 248</msg>
<msg timestamp="20240410 11:14:59.799" level="INFO">Sending ack to block 248</msg>
<msg timestamp="20240410 11:14:59.813" level="INFO">Handling DAT packet - block 249</msg>
<msg timestamp="20240410 11:14:59.814" level="INFO">Sending ack to block 249</msg>
<msg timestamp="20240410 11:14:59.828" level="INFO">Handling DAT packet - block 250</msg>
<msg timestamp="20240410 11:14:59.828" level="INFO">Sending ack to block 250</msg>
<msg timestamp="20240410 11:14:59.843" level="INFO">Handling DAT packet - block 251</msg>
<msg timestamp="20240410 11:14:59.844" level="INFO">Sending ack to block 251</msg>
<msg timestamp="20240410 11:14:59.858" level="INFO">Handling DAT packet - block 252</msg>
<msg timestamp="20240410 11:14:59.858" level="INFO">Sending ack to block 252</msg>
<msg timestamp="20240410 11:14:59.873" level="INFO">Handling DAT packet - block 253</msg>
<msg timestamp="20240410 11:14:59.873" level="INFO">Sending ack to block 253</msg>
<msg timestamp="20240410 11:14:59.888" level="INFO">Handling DAT packet - block 254</msg>
<msg timestamp="20240410 11:14:59.888" level="INFO">Sending ack to block 254</msg>
<msg timestamp="20240410 11:14:59.903" level="INFO">Handling DAT packet - block 255</msg>
<msg timestamp="20240410 11:14:59.903" level="INFO">Sending ack to block 255</msg>
<msg timestamp="20240410 11:14:59.918" level="INFO">Handling DAT packet - block 256</msg>
<msg timestamp="20240410 11:14:59.918" level="INFO">Sending ack to block 256</msg>
<msg timestamp="20240410 11:14:59.933" level="INFO">Handling DAT packet - block 257</msg>
<msg timestamp="20240410 11:14:59.933" level="INFO">Sending ack to block 257</msg>
<msg timestamp="20240410 11:14:59.948" level="INFO">Handling DAT packet - block 258</msg>
<msg timestamp="20240410 11:14:59.948" level="INFO">Sending ack to block 258</msg>
<msg timestamp="20240410 11:14:59.963" level="INFO">Handling DAT packet - block 259</msg>
<msg timestamp="20240410 11:14:59.963" level="INFO">Sending ack to block 259</msg>
<msg timestamp="20240410 11:14:59.978" level="INFO">Handling DAT packet - block 260</msg>
<msg timestamp="20240410 11:14:59.978" level="INFO">Sending ack to block 260</msg>
<msg timestamp="20240410 11:14:59.993" level="INFO">Handling DAT packet - block 261</msg>
<msg timestamp="20240410 11:14:59.993" level="INFO">Sending ack to block 261</msg>
<msg timestamp="20240410 11:15:00.008" level="INFO">Handling DAT packet - block 262</msg>
<msg timestamp="20240410 11:15:00.008" level="INFO">Sending ack to block 262</msg>
<msg timestamp="20240410 11:15:00.023" level="INFO">Handling DAT packet - block 263</msg>
<msg timestamp="20240410 11:15:00.023" level="INFO">Sending ack to block 263</msg>
<msg timestamp="20240410 11:15:00.038" level="INFO">Handling DAT packet - block 264</msg>
<msg timestamp="20240410 11:15:00.038" level="INFO">Sending ack to block 264</msg>
<msg timestamp="20240410 11:15:00.053" level="INFO">Handling DAT packet - block 265</msg>
<msg timestamp="20240410 11:15:00.053" level="INFO">Sending ack to block 265</msg>
<msg timestamp="20240410 11:15:00.068" level="INFO">Handling DAT packet - block 266</msg>
<msg timestamp="20240410 11:15:00.068" level="INFO">Sending ack to block 266</msg>
<msg timestamp="20240410 11:15:00.083" level="INFO">Handling DAT packet - block 267</msg>
<msg timestamp="20240410 11:15:00.083" level="INFO">Sending ack to block 267</msg>
<msg timestamp="20240410 11:15:00.098" level="INFO">Handling DAT packet - block 268</msg>
<msg timestamp="20240410 11:15:00.098" level="INFO">Sending ack to block 268</msg>
<msg timestamp="20240410 11:15:00.113" level="INFO">Handling DAT packet - block 269</msg>
<msg timestamp="20240410 11:15:00.113" level="INFO">Sending ack to block 269</msg>
<msg timestamp="20240410 11:15:00.128" level="INFO">Handling DAT packet - block 270</msg>
<msg timestamp="20240410 11:15:00.128" level="INFO">Sending ack to block 270</msg>
<msg timestamp="20240410 11:15:00.143" level="INFO">Handling DAT packet - block 271</msg>
<msg timestamp="20240410 11:15:00.143" level="INFO">Sending ack to block 271</msg>
<msg timestamp="20240410 11:15:00.158" level="INFO">Handling DAT packet - block 272</msg>
<msg timestamp="20240410 11:15:00.158" level="INFO">Sending ack to block 272</msg>
<msg timestamp="20240410 11:15:00.173" level="INFO">Handling DAT packet - block 273</msg>
<msg timestamp="20240410 11:15:00.173" level="INFO">Sending ack to block 273</msg>
<msg timestamp="20240410 11:15:00.188" level="INFO">Handling DAT packet - block 274</msg>
<msg timestamp="20240410 11:15:00.188" level="INFO">Sending ack to block 274</msg>
<msg timestamp="20240410 11:15:00.203" level="INFO">Handling DAT packet - block 275</msg>
<msg timestamp="20240410 11:15:00.203" level="INFO">Sending ack to block 275</msg>
<msg timestamp="20240410 11:15:00.218" level="INFO">Handling DAT packet - block 276</msg>
<msg timestamp="20240410 11:15:00.218" level="INFO">Sending ack to block 276</msg>
<msg timestamp="20240410 11:15:00.233" level="INFO">Handling DAT packet - block 277</msg>
<msg timestamp="20240410 11:15:00.233" level="INFO">Sending ack to block 277</msg>
<msg timestamp="20240410 11:15:00.248" level="INFO">Handling DAT packet - block 278</msg>
<msg timestamp="20240410 11:15:00.248" level="INFO">Sending ack to block 278</msg>
<msg timestamp="20240410 11:15:00.263" level="INFO">Handling DAT packet - block 279</msg>
<msg timestamp="20240410 11:15:00.263" level="INFO">Sending ack to block 279</msg>
<msg timestamp="20240410 11:15:00.278" level="INFO">Handling DAT packet - block 280</msg>
<msg timestamp="20240410 11:15:00.278" level="INFO">Sending ack to block 280</msg>
<msg timestamp="20240410 11:15:00.293" level="INFO">Handling DAT packet - block 281</msg>
<msg timestamp="20240410 11:15:00.293" level="INFO">Sending ack to block 281</msg>
<msg timestamp="20240410 11:15:00.308" level="INFO">Handling DAT packet - block 282</msg>
<msg timestamp="20240410 11:15:00.308" level="INFO">Sending ack to block 282</msg>
<msg timestamp="20240410 11:15:00.323" level="INFO">Handling DAT packet - block 283</msg>
<msg timestamp="20240410 11:15:00.323" level="INFO">Sending ack to block 283</msg>
<msg timestamp="20240410 11:15:00.338" level="INFO">Handling DAT packet - block 284</msg>
<msg timestamp="20240410 11:15:00.338" level="INFO">Sending ack to block 284</msg>
<msg timestamp="20240410 11:15:00.353" level="INFO">Handling DAT packet - block 285</msg>
<msg timestamp="20240410 11:15:00.353" level="INFO">Sending ack to block 285</msg>
<msg timestamp="20240410 11:15:00.368" level="INFO">Handling DAT packet - block 286</msg>
<msg timestamp="20240410 11:15:00.368" level="INFO">Sending ack to block 286</msg>
<msg timestamp="20240410 11:15:00.383" level="INFO">Handling DAT packet - block 287</msg>
<msg timestamp="20240410 11:15:00.383" level="INFO">Sending ack to block 287</msg>
<msg timestamp="20240410 11:15:00.398" level="INFO">Handling DAT packet - block 288</msg>
<msg timestamp="20240410 11:15:00.398" level="INFO">Sending ack to block 288</msg>
<msg timestamp="20240410 11:15:00.413" level="INFO">Handling DAT packet - block 289</msg>
<msg timestamp="20240410 11:15:00.413" level="INFO">Sending ack to block 289</msg>
<msg timestamp="20240410 11:15:00.428" level="INFO">Handling DAT packet - block 290</msg>
<msg timestamp="20240410 11:15:00.428" level="INFO">Sending ack to block 290</msg>
<msg timestamp="20240410 11:15:00.443" level="INFO">Handling DAT packet - block 291</msg>
<msg timestamp="20240410 11:15:00.443" level="INFO">Sending ack to block 291</msg>
<msg timestamp="20240410 11:15:00.458" level="INFO">Handling DAT packet - block 292</msg>
<msg timestamp="20240410 11:15:00.458" level="INFO">Sending ack to block 292</msg>
<msg timestamp="20240410 11:15:00.473" level="INFO">Handling DAT packet - block 293</msg>
<msg timestamp="20240410 11:15:00.473" level="INFO">Sending ack to block 293</msg>
<msg timestamp="20240410 11:15:00.488" level="INFO">Handling DAT packet - block 294</msg>
<msg timestamp="20240410 11:15:00.488" level="INFO">Sending ack to block 294</msg>
<msg timestamp="20240410 11:15:00.503" level="INFO">Handling DAT packet - block 295</msg>
<msg timestamp="20240410 11:15:00.503" level="INFO">Sending ack to block 295</msg>
<msg timestamp="20240410 11:15:00.518" level="INFO">Handling DAT packet - block 296</msg>
<msg timestamp="20240410 11:15:00.518" level="INFO">Sending ack to block 296</msg>
<msg timestamp="20240410 11:15:00.533" level="INFO">Handling DAT packet - block 297</msg>
<msg timestamp="20240410 11:15:00.533" level="INFO">Sending ack to block 297</msg>
<msg timestamp="20240410 11:15:00.548" level="INFO">Handling DAT packet - block 298</msg>
<msg timestamp="20240410 11:15:00.548" level="INFO">Sending ack to block 298</msg>
<msg timestamp="20240410 11:15:00.563" level="INFO">Handling DAT packet - block 299</msg>
<msg timestamp="20240410 11:15:00.563" level="INFO">Sending ack to block 299</msg>
<msg timestamp="20240410 11:15:00.578" level="INFO">Handling DAT packet - block 300</msg>
<msg timestamp="20240410 11:15:00.578" level="INFO">Sending ack to block 300</msg>
<msg timestamp="20240410 11:15:00.593" level="INFO">Handling DAT packet - block 301</msg>
<msg timestamp="20240410 11:15:00.593" level="INFO">Sending ack to block 301</msg>
<msg timestamp="20240410 11:15:00.608" level="INFO">Handling DAT packet - block 302</msg>
<msg timestamp="20240410 11:15:00.608" level="INFO">Sending ack to block 302</msg>
<msg timestamp="20240410 11:15:00.623" level="INFO">Handling DAT packet - block 303</msg>
<msg timestamp="20240410 11:15:00.623" level="INFO">Sending ack to block 303</msg>
<msg timestamp="20240410 11:15:00.638" level="INFO">Handling DAT packet - block 304</msg>
<msg timestamp="20240410 11:15:00.638" level="INFO">Sending ack to block 304</msg>
<msg timestamp="20240410 11:15:00.653" level="INFO">Handling DAT packet - block 305</msg>
<msg timestamp="20240410 11:15:00.653" level="INFO">Sending ack to block 305</msg>
<msg timestamp="20240410 11:15:00.668" level="INFO">Handling DAT packet - block 306</msg>
<msg timestamp="20240410 11:15:00.668" level="INFO">Sending ack to block 306</msg>
<msg timestamp="20240410 11:15:00.683" level="INFO">Handling DAT packet - block 307</msg>
<msg timestamp="20240410 11:15:00.683" level="INFO">Sending ack to block 307</msg>
<msg timestamp="20240410 11:15:00.698" level="INFO">Handling DAT packet - block 308</msg>
<msg timestamp="20240410 11:15:00.698" level="INFO">Sending ack to block 308</msg>
<msg timestamp="20240410 11:15:00.713" level="INFO">Handling DAT packet - block 309</msg>
<msg timestamp="20240410 11:15:00.713" level="INFO">Sending ack to block 309</msg>
<msg timestamp="20240410 11:15:00.728" level="INFO">Handling DAT packet - block 310</msg>
<msg timestamp="20240410 11:15:00.728" level="INFO">Sending ack to block 310</msg>
<msg timestamp="20240410 11:15:00.743" level="INFO">Handling DAT packet - block 311</msg>
<msg timestamp="20240410 11:15:00.743" level="INFO">Sending ack to block 311</msg>
<msg timestamp="20240410 11:15:00.758" level="INFO">Handling DAT packet - block 312</msg>
<msg timestamp="20240410 11:15:00.758" level="INFO">Sending ack to block 312</msg>
<msg timestamp="20240410 11:15:00.773" level="INFO">Handling DAT packet - block 313</msg>
<msg timestamp="20240410 11:15:00.773" level="INFO">Sending ack to block 313</msg>
<msg timestamp="20240410 11:15:00.788" level="INFO">Handling DAT packet - block 314</msg>
<msg timestamp="20240410 11:15:00.788" level="INFO">Sending ack to block 314</msg>
<msg timestamp="20240410 11:15:00.803" level="INFO">Handling DAT packet - block 315</msg>
<msg timestamp="20240410 11:15:00.803" level="INFO">Sending ack to block 315</msg>
<msg timestamp="20240410 11:15:00.818" level="INFO">Handling DAT packet - block 316</msg>
<msg timestamp="20240410 11:15:00.818" level="INFO">Sending ack to block 316</msg>
<msg timestamp="20240410 11:15:00.833" level="INFO">Handling DAT packet - block 317</msg>
<msg timestamp="20240410 11:15:00.833" level="INFO">Sending ack to block 317</msg>
<msg timestamp="20240410 11:15:00.848" level="INFO">Handling DAT packet - block 318</msg>
<msg timestamp="20240410 11:15:00.848" level="INFO">Sending ack to block 318</msg>
<msg timestamp="20240410 11:15:00.863" level="INFO">Handling DAT packet - block 319</msg>
<msg timestamp="20240410 11:15:00.863" level="INFO">Sending ack to block 319</msg>
<msg timestamp="20240410 11:15:00.878" level="INFO">Handling DAT packet - block 320</msg>
<msg timestamp="20240410 11:15:00.878" level="INFO">Sending ack to block 320</msg>
<msg timestamp="20240410 11:15:00.893" level="INFO">Handling DAT packet - block 321</msg>
<msg timestamp="20240410 11:15:00.893" level="INFO">Sending ack to block 321</msg>
<msg timestamp="20240410 11:15:00.908" level="INFO">Handling DAT packet - block 322</msg>
<msg timestamp="20240410 11:15:00.908" level="INFO">Sending ack to block 322</msg>
<msg timestamp="20240410 11:15:00.923" level="INFO">Handling DAT packet - block 323</msg>
<msg timestamp="20240410 11:15:00.923" level="INFO">Sending ack to block 323</msg>
<msg timestamp="20240410 11:15:00.938" level="INFO">Handling DAT packet - block 324</msg>
<msg timestamp="20240410 11:15:00.938" level="INFO">Sending ack to block 324</msg>
<msg timestamp="20240410 11:15:00.953" level="INFO">Handling DAT packet - block 325</msg>
<msg timestamp="20240410 11:15:00.953" level="INFO">Sending ack to block 325</msg>
<msg timestamp="20240410 11:15:00.968" level="INFO">Handling DAT packet - block 326</msg>
<msg timestamp="20240410 11:15:00.968" level="INFO">Sending ack to block 326</msg>
<msg timestamp="20240410 11:15:00.983" level="INFO">Handling DAT packet - block 327</msg>
<msg timestamp="20240410 11:15:00.983" level="INFO">Sending ack to block 327</msg>
<msg timestamp="20240410 11:15:00.998" level="INFO">Handling DAT packet - block 328</msg>
<msg timestamp="20240410 11:15:00.998" level="INFO">Sending ack to block 328</msg>
<msg timestamp="20240410 11:15:01.013" level="INFO">Handling DAT packet - block 329</msg>
<msg timestamp="20240410 11:15:01.013" level="INFO">Sending ack to block 329</msg>
<msg timestamp="20240410 11:15:01.028" level="INFO">Handling DAT packet - block 330</msg>
<msg timestamp="20240410 11:15:01.028" level="INFO">Sending ack to block 330</msg>
<msg timestamp="20240410 11:15:01.043" level="INFO">Handling DAT packet - block 331</msg>
<msg timestamp="20240410 11:15:01.043" level="INFO">Sending ack to block 331</msg>
<msg timestamp="20240410 11:15:01.058" level="INFO">Handling DAT packet - block 332</msg>
<msg timestamp="20240410 11:15:01.058" level="INFO">Sending ack to block 332</msg>
<msg timestamp="20240410 11:15:01.073" level="INFO">Handling DAT packet - block 333</msg>
<msg timestamp="20240410 11:15:01.073" level="INFO">Sending ack to block 333</msg>
<msg timestamp="20240410 11:15:01.088" level="INFO">Handling DAT packet - block 334</msg>
<msg timestamp="20240410 11:15:01.088" level="INFO">Sending ack to block 334</msg>
<msg timestamp="20240410 11:15:01.103" level="INFO">Handling DAT packet - block 335</msg>
<msg timestamp="20240410 11:15:01.103" level="INFO">Sending ack to block 335</msg>
<msg timestamp="20240410 11:15:01.118" level="INFO">Handling DAT packet - block 336</msg>
<msg timestamp="20240410 11:15:01.118" level="INFO">Sending ack to block 336</msg>
<msg timestamp="20240410 11:15:01.133" level="INFO">Handling DAT packet - block 337</msg>
<msg timestamp="20240410 11:15:01.133" level="INFO">Sending ack to block 337</msg>
<msg timestamp="20240410 11:15:01.148" level="INFO">Handling DAT packet - block 338</msg>
<msg timestamp="20240410 11:15:01.148" level="INFO">Sending ack to block 338</msg>
<msg timestamp="20240410 11:15:01.163" level="INFO">Handling DAT packet - block 339</msg>
<msg timestamp="20240410 11:15:01.163" level="INFO">Sending ack to block 339</msg>
<msg timestamp="20240410 11:15:01.178" level="INFO">Handling DAT packet - block 340</msg>
<msg timestamp="20240410 11:15:01.178" level="INFO">Sending ack to block 340</msg>
<msg timestamp="20240410 11:15:01.193" level="INFO">Handling DAT packet - block 341</msg>
<msg timestamp="20240410 11:15:01.193" level="INFO">Sending ack to block 341</msg>
<msg timestamp="20240410 11:15:01.208" level="INFO">Handling DAT packet - block 342</msg>
<msg timestamp="20240410 11:15:01.208" level="INFO">Sending ack to block 342</msg>
<msg timestamp="20240410 11:15:01.223" level="INFO">Handling DAT packet - block 343</msg>
<msg timestamp="20240410 11:15:01.223" level="INFO">Sending ack to block 343</msg>
<msg timestamp="20240410 11:15:01.238" level="INFO">Handling DAT packet - block 344</msg>
<msg timestamp="20240410 11:15:01.238" level="INFO">Sending ack to block 344</msg>
<msg timestamp="20240410 11:15:01.253" level="INFO">Handling DAT packet - block 345</msg>
<msg timestamp="20240410 11:15:01.253" level="INFO">Sending ack to block 345</msg>
<msg timestamp="20240410 11:15:01.268" level="INFO">Handling DAT packet - block 346</msg>
<msg timestamp="20240410 11:15:01.268" level="INFO">Sending ack to block 346</msg>
<msg timestamp="20240410 11:15:01.283" level="INFO">Handling DAT packet - block 347</msg>
<msg timestamp="20240410 11:15:01.283" level="INFO">Sending ack to block 347</msg>
<msg timestamp="20240410 11:15:01.298" level="INFO">Handling DAT packet - block 348</msg>
<msg timestamp="20240410 11:15:01.298" level="INFO">Sending ack to block 348</msg>
<msg timestamp="20240410 11:15:01.313" level="INFO">Handling DAT packet - block 349</msg>
<msg timestamp="20240410 11:15:01.313" level="INFO">Sending ack to block 349</msg>
<msg timestamp="20240410 11:15:01.328" level="INFO">Handling DAT packet - block 350</msg>
<msg timestamp="20240410 11:15:01.328" level="INFO">Sending ack to block 350</msg>
<msg timestamp="20240410 11:15:01.343" level="INFO">Handling DAT packet - block 351</msg>
<msg timestamp="20240410 11:15:01.343" level="INFO">Sending ack to block 351</msg>
<msg timestamp="20240410 11:15:01.353" level="INFO">Handling DAT packet - block 352</msg>
<msg timestamp="20240410 11:15:01.353" level="INFO">Sending ack to block 352</msg>
[...]
<doc>Evaluates the given expression in Python and returns the result.</doc>
<msg timestamp="20240410 11:21:15.179" level="INFO">device id: 
device id: TT5YRQXL
Iface 
Iface &lt;FIP.Interface.ft232 object at 0x7fe8edddf730&gt;
&lt;FIP.Interface.ft232 object at 0x7fe8edddf730&gt;</msg>
<msg timestamp="20240410 11:21:15.180" level="INFO">${result} = Firmware is in OPERATIONAL mode</msg>
<status status="PASS" starttime="20240410 11:21:03.136" endtime="20240410 11:21:15.180"/>
</kw>
<msg timestamp="20240410 11:21:15.181" level="INFO">${result} = Firmware is in OPERATIONAL mode</msg>
<status status="PASS" starttime="20240410 11:21:03.136" endtime="20240410 11:21:15.181"/>
</kw>
<kw name="Set Test Message" library="BuiltIn">
<arg>${result}</arg>
<doc>Sets message for the current test case.</doc>
<msg timestamp="20240410 11:21:15.182" level="INFO">Set test message to:
Firmware is in OPERATIONAL mode</msg>
<status status="PASS" starttime="20240410 11:21:15.181" endtime="20240410 11:21:15.182"/>
</kw>
<doc>Get Firmware into Operational mode</doc>
<status status="PASS" starttime="20240410 11:21:03.135" endtime="20240410 11:21:15.183">Firmware is in OPERATIONAL mode</status>
</test>
<test id="s1-s8-t3" name="Set Dsu Pin To Low" line="30">
<kw name="Set Dsu Pin To Low" library="snmp_dsu_pin_state_check">
<var>${result}</var>
<kw name="Evaluate" library="BuiltIn">
<var>${result}</var>
<arg>SnmpDsuPinStateCheck.dsuPinToLow()</arg>
<doc>Evaluates the given expression in Python and returns the result.</doc>
<msg timestamp="20240410 11:21:17.212" level="INFO">device id: TT5YRQXL
Iface 
Iface &lt;FIP.Interface.ft232 object at 0x7fe8eddec850&gt;
&lt;FIP.Interface.ft232 object at 0x7fe8eddec850&gt;</msg>
<msg timestamp="20240410 11:21:17.212" level="INFO">${result} = DSU_EN pin state changed to low. DSU_EN pin disabled.</msg>
<status status="PASS" starttime="20240410 11:21:15.186" endtime="20240410 11:21:17.213"/>
</kw>
<msg timestamp="20240410 11:21:17.213" level="INFO">${result} = DSU_EN pin state changed to low. DSU_EN pin disabled.</msg>
<status status="PASS" starttime="20240410 11:21:15.185" endtime="20240410 11:21:17.213"/>
</kw>
<kw name="Set Test Message" library="BuiltIn">
<arg>${result}</arg>
<doc>Sets message for the current test case.</doc>
<msg timestamp="20240410 11:21:17.215" level="INFO">Set test message to:
DSU_EN pin state changed to low. DSU_EN pin disabled.</msg>
<status status="PASS" starttime="20240410 11:21:17.214" endtime="20240410 11:21:17.215"/>
</kw>
<doc>Set the DSU_EN pin low and check if the DSU_EN pin is disabled with FT232 interface</doc>
<status status="PASS" starttime="20240410 11:21:15.184" endtime="20240410 11:21:17.215">DSU_EN pin state changed to low. DSU_EN pin disabled.</status>
</test>
<test id="s1-s8-t4" name="SNMP Dsu Pin State Check Low" line="35">
<kw name="SNMP Dsu Pin State Check Low" library="snmp_dsu_pin_state_check">
<var>${result}</var>
<kw name="Evaluate" library="BuiltIn">
<var>${result}</var>
<arg>SnmpDsuPinStateCheck.checkDsuPinSnmpLow()</arg>
<doc>Evaluates the given expression in Python and returns the result.</doc>
<msg timestamp="20240410 11:21:17.231" level="INFO">${result} = DSU_EN pin state is set to low.</msg>
<status status="PASS" starttime="20240410 11:21:17.219" endtime="20240410 11:21:17.231"/>
</kw>
<msg timestamp="20240410 11:21:17.232" level="INFO">${result} = DSU_EN pin state is set to low.</msg>
<status status="PASS" starttime="20240410 11:21:17.218" endtime="20240410 11:21:17.232"/>
</kw>
<kw name="Set Test Message" library="BuiltIn">
<arg>${result}</arg>
<doc>Sets message for the current test case.</doc>
<msg timestamp="20240410 11:21:17.233" level="INFO">Set test message to:
DSU_EN pin state is set to low.</msg>
<status status="PASS" starttime="20240410 11:21:17.232" endtime="20240410 11:21:17.233"/>
</kw>
<doc>Check if DSU_EN pin is low using SNMP Get request</doc>
<status status="PASS" starttime="20240410 11:21:17.216" endtime="20240410 11:21:17.233">DSU_EN pin state is set to low.</status>
</test>
<test id="s1-s8-t5" name="Set Dsu Pin To High" line="40">
<kw name="Set Dsu Pin To High" library="snmp_dsu_pin_state_check">
<var>${result}</var>
<kw name="Evaluate" library="BuiltIn">
<var>${result}</var>
<arg>SnmpDsuPinStateCheck.dsuPinToHigh()</arg>
<doc>Evaluates the given expression in Python and returns the result.</doc>
<msg timestamp="20240410 11:21:19.239" level="INFO">${result} = DSU_EN pin state changed to high. DSU_EN pin enabled.</msg>
<status status="PASS" starttime="20240410 11:21:17.235" endtime="20240410 11:21:19.239"/>
</kw>
<msg timestamp="20240410 11:21:19.239" level="INFO">${result} = DSU_EN pin state changed to high. DSU_EN pin enabled.</msg>
<status status="PASS" starttime="20240410 11:21:17.234" endtime="20240410 11:21:19.239"/>
</kw>
<kw name="Set Test Message" library="BuiltIn">
<arg>${result}</arg>
<doc>Sets message for the current test case.</doc>
<msg timestamp="20240410 11:21:19.241" level="INFO">Set test message to:
DSU_EN pin state changed to high. DSU_EN pin enabled.</msg>
<status status="PASS" starttime="20240410 11:21:19.240" endtime="20240410 11:21:19.241"/>
</kw>
<doc>Set the DSU_EN pin high and check if the DSU_EN pin is enabled with FT232 interface</doc>
<status status="PASS" starttime="20240410 11:21:17.234" endtime="20240410 11:21:19.242">DSU_EN pin state changed to high. DSU_EN pin enabled.</status>
</test>
<test id="s1-s8-t6" name="SNMP Dsu Pin State Check High" line="45">
<kw name="SNMP Dsu Pin State Check High" library="snmp_dsu_pin_state_check">
<var>${result}</var>
<kw name="Evaluate" library="BuiltIn">
<var>${result}</var>
<arg>SnmpDsuPinStateCheck.checkDsuPinSnmpHigh()</arg>
<doc>Evaluates the given expression in Python and returns the result.</doc>
<msg timestamp="20240410 11:21:19.275" level="INFO">Test PASSED.</msg>
<msg timestamp="20240410 11:21:19.276" level="INFO">${result} = DSU_EN pin state is set to high.</msg>
<status status="PASS" starttime="20240410 11:21:19.245" endtime="20240410 11:21:19.276"/>
</kw>
<msg timestamp="20240410 11:21:19.276" level="INFO">${result} = DSU_EN pin state is set to high.</msg>
<status status="PASS" starttime="20240410 11:21:19.244" endtime="20240410 11:21:19.276"/>
</kw>
<kw name="Set Test Message" library="BuiltIn">
<arg>${result}</arg>
<doc>Sets message for the current test case.</doc>
<msg timestamp="20240410 11:21:19.277" level="INFO">Set test message to:
DSU_EN pin state is set to high.</msg>
<status status="PASS" starttime="20240410 11:21:19.276" endtime="20240410 11:21:19.277"/>
</kw>
<doc>Check if DSU_EN pin is high using SNMP Get request</doc>
<status status="PASS" starttime="20240410 11:21:19.243" endtime="20240410 11:21:19.277">DSU_EN pin state is set to high.</status>
</test>
<doc>Project : Robot Framework.

##Test PC:

Hostname: rtrkbl76-lin.domain.local

Kernel: 5.15.0-94-generic

Distributor: Ubuntu

Description: Ubuntu 20.04.6 LTS

Release: 20.04

##Tested firmware:

Firmware version: 0.14.2.

==========================================================================================

Purpose of the test is to validate that while in Operational mode, firmware reports if DSU is enabled over SNMP.

==========================================================================================</doc>
<status status="PASS" starttime="20240410 11:21:02.112" endtime="20240410 11:21:19.277"/>
</suite>
<suite id="s1-s9" name="9 Memory Content Check" source="/home/rtrk/Desktop/robotPractise/Test_Suites/9_memory_content_check.robot">
<test id="s1-s9-t1" name="Pre-Initialization" line="20">
<kw name="Performing Pre-Initialization" library="icmp_reply_check">
<var>${result}</var>
<kw name="Evaluate" library="BuiltIn">
<var>${result}</var>
<arg>IcmpReplyCheck.performingPreInitializationStepsOFTheTestEnvironment()</arg>
<doc>Evaluates the given expression in Python and returns the result.</doc>
<msg timestamp="20240410 11:21:20.332" level="INFO">${result} = - EPOS interface enx7cc2c64758ab has IP address 10.0.1.37
Clearing following ip addresses:
Clearing EPOS IP address.
Setting following ip addresses:
Setting EPOS IP address.
Setting following ARP entr...</msg>
<status status="PASS" starttime="20240410 11:21:19.315" endtime="20240410 11:21:20.333"/>
</kw>
<msg timestamp="20240410 11:21:20.333" level="INFO">${result} = - EPOS interface enx7cc2c64758ab has IP address 10.0.1.37
Clearing following ip addresses:
Clearing EPOS IP address.
Setting following ip addresses:
Setting EPOS IP address.
Setting following ARP entr...</msg>
<status status="PASS" starttime="20240410 11:21:19.314" endtime="20240410 11:21:20.333"/>
</kw>
<kw name="Set Test Message" library="BuiltIn">
<arg>${result}</arg>
<doc>Sets message for the current test case.</doc>
<msg timestamp="20240410 11:21:20.334" level="INFO">Set test message to:
- EPOS interface enx7cc2c64758ab has IP address 10.0.1.37
Clearing following ip addresses:
Clearing EPOS IP address.
Setting following ip addresses:
Setting EPOS IP address.
Setting following ARP entries:
Setting arp entry for EPOS
</msg>
<status status="PASS" starttime="20240410 11:21:20.333" endtime="20240410 11:21:20.334"/>
</kw>
<doc>Perform pre-initialization steps of the test environment</doc>
<status status="PASS" starttime="20240410 11:21:19.314" endtime="20240410 11:21:20.334">- EPOS interface enx7cc2c64758ab has IP address 10.0.1.37
Clearing following ip addresses:
Clearing EPOS IP address.
Setting following ip addresses:
Setting EPOS IP address.
Setting following ARP entries:
Setting arp entry for EPOS
</status>
</test>
<test id="s1-s9-t2" name="Get Firmware Into Operational Mode" line="25">
<kw name="Get Firmware Into Operational Mode" library="icmp_reply_check">
<var>${result}</var>
<kw name="Evaluate" library="BuiltIn">
<var>${result}</var>
<arg>IcmpReplyCheck.getFirwmwareIntoOperationalMode()</arg>
<doc>Evaluates the given expression in Python and returns the result.</doc>
<msg timestamp="20240410 11:21:31.885" level="INFO">device id: 
device id: TT5YRQXL
Iface 
Iface &lt;FIP.Interface.ft232 object at 0x7fe8edc16220&gt;
&lt;FIP.Interface.ft232 object at 0x7fe8edc16220&gt;</msg>
<msg timestamp="20240410 11:21:31.886" level="INFO">${result} = Firmware is in OPERATIONAL mode</msg>
<status status="PASS" starttime="20240410 11:21:20.335" endtime="20240410 11:21:31.886"/>
</kw>
<msg timestamp="20240410 11:21:31.886" level="INFO">${result} = Firmware is in OPERATIONAL mode</msg>
<status status="PASS" starttime="20240410 11:21:20.334" endtime="20240410 11:21:31.886"/>
</kw>
<kw name="Set Test Message" library="BuiltIn">
<arg>${result}</arg>
<doc>Sets message for the current test case.</doc>
<msg timestamp="20240410 11:21:31.887" level="INFO">Set test message to:
Firmware is in OPERATIONAL mode</msg>
<status status="PASS" starttime="20240410 11:21:31.887" endtime="20240410 11:21:31.888"/>
</kw>
<doc>Get Firmware into Operational mode</doc>
<status status="PASS" starttime="20240410 11:21:20.334" endtime="20240410 11:21:31.888">Firmware is in OPERATIONAL mode</status>
</test>
<test id="s1-s9-t3" name="Start Of Shared Memory Test" line="30">
<kw name="Start Of Shared Memory Keyword" library="memory_space_access">
<var>${result}</var>
<arg>${configFile}</arg>
<kw name="Evaluate" library="BuiltIn">
<var>${result}</var>
<arg>MemorySpaceAccess.testStartOfSharedMemory(${configFile})</arg>
<doc>Evaluates the given expression in Python and returns the result.</doc>
<msg timestamp="20240410 11:21:34.504" level="INFO">${result} = Value on address 0x20001000: 0x2005f400, i.e. Start of shared memory</msg>
<status status="PASS" starttime="20240410 11:21:31.891" endtime="20240410 11:21:34.504"/>
</kw>
<msg timestamp="20240410 11:21:34.504" level="INFO">${result} = Value on address 0x20001000: 0x2005f400, i.e. Start of shared memory</msg>
<status status="PASS" starttime="20240410 11:21:31.890" endtime="20240410 11:21:34.504"/>
</kw>
<kw name="Set Test Message" library="BuiltIn">
<arg>${result}</arg>
<doc>Sets message for the current test case.</doc>
<msg timestamp="20240410 11:21:34.505" level="INFO">Set test message to:
Value on address 0x20001000: 0x2005f400, i.e. Start of shared memory</msg>
<status status="PASS" starttime="20240410 11:21:34.505" endtime="20240410 11:21:34.505"/>
</kw>
<doc>Read value from address 0x20001000. Value represents start of shared memory.</doc>
<status status="PASS" starttime="20240410 11:21:31.889" endtime="20240410 11:21:34.506">Value on address 0x20001000: 0x2005f400, i.e. Start of shared memory</status>
</test>
<test id="s1-s9-t4" name="Value On Start Of Shared Memory Address Test" line="35">
<kw name="Value On Start Of Shared Memory Address Keyword" library="memory_space_access">
<var>${result}</var>
<kw name="Evaluate" library="BuiltIn">
<var>${result}</var>
<arg>MemorySpaceAccess.valueOnStartOfSharedMemoryAddress()</arg>
<doc>Evaluates the given expression in Python and returns the result.</doc>
<msg timestamp="20240410 11:21:34.519" level="INFO">${result} = Value on address 0x2005f400: 0x534d0300, i.e. Interface Version number </msg>
<status status="PASS" starttime="20240410 11:21:34.508" endtime="20240410 11:21:34.520"/>
</kw>
<msg timestamp="20240410 11:21:34.520" level="INFO">${result} = Value on address 0x2005f400: 0x534d0300, i.e. Interface Version number </msg>
<status status="PASS" starttime="20240410 11:21:34.507" endtime="20240410 11:21:34.520"/>
</kw>
<kw name="Set Test Message" library="BuiltIn">
<arg>${result}</arg>
<doc>Sets message for the current test case.</doc>
<msg timestamp="20240410 11:21:34.521" level="INFO">Set test message to:
Value on address 0x2005f400: 0x534d0300, i.e. Interface Version number </msg>
<status status="PASS" starttime="20240410 11:21:34.520" endtime="20240410 11:21:34.521"/>
</kw>
<doc>Read value from address that respresents start of shared memory.</doc>
<status status="PASS" starttime="20240410 11:21:34.506" endtime="20240410 11:21:34.521">Value on address 0x2005f400: 0x534d0300, i.e. Interface Version number </status>
</test>
<test id="s1-s9-t5" name="Value For Offset 0x0004 Test" line="40">
<kw name="Value For Offset 0x0004 Keyword" library="memory_space_access">
<var>${result}</var>
<kw name="Evaluate" library="BuiltIn">
<var>${result}</var>
<arg>MemorySpaceAccess.valueForOffset0x0004()</arg>
<doc>Evaluates the given expression in Python and returns the result.</doc>
<msg timestamp="20240410 11:21:34.535" level="INFO">${result} = Value on address 0x2005f404: 0x87654321, i.e. Constant value </msg>
<status status="PASS" starttime="20240410 11:21:34.524" endtime="20240410 11:21:34.535"/>
</kw>
<msg timestamp="20240410 11:21:34.536" level="INFO">${result} = Value on address 0x2005f404: 0x87654321, i.e. Constant value </msg>
<status status="PASS" starttime="20240410 11:21:34.523" endtime="20240410 11:21:34.536"/>
</kw>
<kw name="Set Test Message" library="BuiltIn">
<arg>${result}</arg>
<doc>Sets message for the current test case.</doc>
<msg timestamp="20240410 11:21:34.536" level="INFO">Set test message to:
Value on address 0x2005f404: 0x87654321, i.e. Constant value </msg>
<status status="PASS" starttime="20240410 11:21:34.536" endtime="20240410 11:21:34.536"/>
</kw>
<doc>Add offset 0x0004 on start of shared memory address and read value from address.</doc>
<status status="PASS" starttime="20240410 11:21:34.522" endtime="20240410 11:21:34.537">Value on address 0x2005f404: 0x87654321, i.e. Constant value </status>
</test>
<test id="s1-s9-t6" name="Value For Offset 0x0008 Test" line="45">
<kw name="Value For Offset 0x0008 Keyword" library="memory_space_access">
<var>${result}</var>
<kw name="Evaluate" library="BuiltIn">
<var>${result}</var>
<arg>MemorySpaceAccess.valueForOffset0x0008()</arg>
<doc>Evaluates the given expression in Python and returns the result.</doc>
<msg timestamp="20240410 11:21:34.569" level="INFO">${result} = Value on address 0x2005f408: 0x45500101, i.e. Firmware type identifier </msg>
<status status="PASS" starttime="20240410 11:21:34.539" endtime="20240410 11:21:34.569"/>
</kw>
<msg timestamp="20240410 11:21:34.569" level="INFO">${result} = Value on address 0x2005f408: 0x45500101, i.e. Firmware type identifier </msg>
<status status="PASS" starttime="20240410 11:21:34.538" endtime="20240410 11:21:34.570"/>
</kw>
<kw name="Set Test Message" library="BuiltIn">
<arg>${result}</arg>
<doc>Sets message for the current test case.</doc>
<msg timestamp="20240410 11:21:34.570" level="INFO">Set test message to:
Value on address 0x2005f408: 0x45500101, i.e. Firmware type identifier </msg>
<status status="PASS" starttime="20240410 11:21:34.570" endtime="20240410 11:21:34.570"/>
</kw>
<doc>Add offset 0x0008 on start of shared memory address and read value from address.</doc>
<status status="PASS" starttime="20240410 11:21:34.537" endtime="20240410 11:21:34.570">Value on address 0x2005f408: 0x45500101, i.e. Firmware type identifier </status>
</test>
<doc>Project : Robot Framework.

##Test PC:

Hostname: rtrkbl76-lin.domain.local

Kernel: 5.15.0-94-generic

Distributor: Ubuntu

Description: Ubuntu 20.04.6 LTS

Release: 20.04

##Tested firmware:

Firmware version: 0.14.2.

==========================================================================================

Purpose of the test is to check the address that contains information about start of shared memory address and to

check value of shared memory when specific offset is provided.

==========================================================================================</doc>
<status status="PASS" starttime="20240410 11:21:19.278" endtime="20240410 11:21:34.571"/>
</suite>
<status status="PASS" starttime="20240410 11:14:22.448" endtime="20240410 11:21:34.575"/>
</suite>
<statistics>
<total>
<stat pass="36" fail="0" skip="0">All Tests</stat>
</total>
<tag>
</tag>
<suite>
<stat pass="36" fail="0" skip="0" id="s1" name="Test Suites">Test Suites</stat>
<stat pass="1" fail="0" skip="0" id="s1-s1" name="1 Report Data Save">Test Suites.1 Report Data Save</stat>
<stat pass="6" fail="0" skip="0" id="s1-s2" name="2 Icmp Request Check">Test Suites.2 Icmp Request Check</stat>
<stat pass="4" fail="0" skip="0" id="s1-s3" name="3 Tftp Download">Test Suites.3 Tftp Download</stat>
<stat pass="3" fail="0" skip="0" id="s1-s4" name="4 Safety Relevant Function">Test Suites.4 Safety Relevant Function</stat>
<stat pass="3" fail="0" skip="0" id="s1-s5" name="5 Tftp Upload Default Files">Test Suites.5 Tftp Upload Default Files</stat>
<stat pass="3" fail="0" skip="0" id="s1-s6" name="6 Tftp Upload User Files">Test Suites.6 Tftp Upload User Files</stat>
<stat pass="4" fail="0" skip="0" id="s1-s7" name="7 Snmp Firmware Version Check">Test Suites.7 Snmp Firmware Version Check</stat>
<stat pass="6" fail="0" skip="0" id="s1-s8" name="8 Snmp Dsu Pin State Check">Test Suites.8 Snmp Dsu Pin State Check</stat>
<stat pass="6" fail="0" skip="0" id="s1-s9" name="9 Memory Content Check">Test Suites.9 Memory Content Check</stat>
</suite>
</statistics>
<errors>
<msg timestamp="20240410 11:15:31.363" level="ERROR">ERR packet - errorcode: 1, message: b'File not found'</msg>
<msg timestamp="20240410 11:15:46.986" level="ERROR">ERR packet - errorcode: 1, message: b'File not found'</msg>
<msg timestamp="20240410 11:15:50.010" level="ERROR">ERR packet - errorcode: 1, message: b'File not found'</msg>
<msg timestamp="20240410 11:15:53.044" level="ERROR">ERR packet - errorcode: 1, message: b'File not found'</msg>
<msg timestamp="20240410 11:15:56.083" level="ERROR">ERR packet - errorcode: 1, message: b'File not found'</msg>
<msg timestamp="20240410 11:15:59.132" level="ERROR">ERR packet - errorcode: 1, message: b'File not found'</msg>
<msg timestamp="20240410 11:16:02.171" level="ERROR">ERR packet - errorcode: 1, message: b'File not found'</msg>
<msg timestamp="20240410 11:16:05.216" level="ERROR">ERR packet - errorcode: 1, message: b'File not found'</msg>
<msg timestamp="20240410 11:16:08.255" level="ERROR">ERR packet - errorcode: 1, message: b'File not found'</msg>
</errors>
</robot>
